c:\lig\nframeworkv1.8.2\examples\miniproject_sams_oc\lib\barmanager.bsc
c:\lig\nframeworkv1.8.2\examples\miniproject_sams_oc\src\barmanager\debug\vc143.pdb
c:\lig\nframeworkv1.8.2\examples\miniproject_sams_oc\src\barmanager\debug\vc143.idb
c:\lig\nframeworkv1.8.2\examples\miniproject_sams_oc\src\barmanager\debug\barmanager.sbr
c:\lig\nframeworkv1.8.2\examples\miniproject_sams_oc\src\barmanager\debug\barmanager.obj
c:\lig\nframeworkv1.8.2\examples\miniproject_sams_oc\bin\barmanager\barmanagerd.dll
c:\lig\nframeworkv1.8.2\examples\miniproject_sams_oc\src\barmanager\debug\barmanagerd.pdb
c:\lig\nframeworkv1.8.2\examples\miniproject_sams_oc\lib\barmanagerd.lib
c:\lig\nframeworkv1.8.2\examples\miniproject_sams_oc\lib\barmanagerd.exp
c:\lig\nframeworkv1.8.2\examples\miniproject_sams_oc\src\barmanager\debug\barmanager.tlog\bscmake.command.1.tlog
c:\lig\nframeworkv1.8.2\examples\miniproject_sams_oc\src\barmanager\debug\barmanager.tlog\bscmake.read.1.tlog
c:\lig\nframeworkv1.8.2\examples\miniproject_sams_oc\src\barmanager\debug\barmanager.tlog\bscmake.write.1.tlog
c:\lig\nframeworkv1.8.2\examples\miniproject_sams_oc\src\barmanager\debug\barmanager.tlog\cl.command.1.tlog
c:\lig\nframeworkv1.8.2\examples\miniproject_sams_oc\src\barmanager\debug\barmanager.tlog\cl.items.tlog
c:\lig\nframeworkv1.8.2\examples\miniproject_sams_oc\src\barmanager\debug\barmanager.tlog\cl.read.1.tlog
c:\lig\nframeworkv1.8.2\examples\miniproject_sams_oc\src\barmanager\debug\barmanager.tlog\cl.write.1.tlog
c:\lig\nframeworkv1.8.2\examples\miniproject_sams_oc\src\barmanager\debug\barmanager.tlog\link.command.1.tlog
c:\lig\nframeworkv1.8.2\examples\miniproject_sams_oc\src\barmanager\debug\barmanager.tlog\link.read.1.tlog
c:\lig\nframeworkv1.8.2\examples\miniproject_sams_oc\src\barmanager\debug\barmanager.tlog\link.secondary.1.tlog
c:\lig\nframeworkv1.8.2\examples\miniproject_sams_oc\src\barmanager\debug\barmanager.tlog\link.write.1.tlog
