d:\myprojects\edu\2025\sw입문교육\archive\miniproject_x64_vc143\lib\barmanager.bsc
d:\myprojects\edu\2025\sw입문교육\archive\miniproject_x64_vc143\src\barmanager\debug\vc143.pdb
d:\myprojects\edu\2025\sw입문교육\archive\miniproject_x64_vc143\src\barmanager\debug\vc143.idb
d:\myprojects\edu\2025\sw입문교육\archive\miniproject_x64_vc143\src\barmanager\debug\barmanager.sbr
d:\myprojects\edu\2025\sw입문교육\archive\miniproject_x64_vc143\src\barmanager\debug\barmanager.obj
d:\myprojects\edu\2025\sw입문교육\archive\miniproject_x64_vc143\bin\barmanager\barmanagerd.dll
d:\myprojects\edu\2025\sw입문교육\archive\miniproject_x64_vc143\src\barmanager\debug\barmanagerd.pdb
d:\myprojects\edu\2025\sw입문교육\archive\miniproject_x64_vc143\lib\barmanagerd.lib
d:\myprojects\edu\2025\sw입문교육\archive\miniproject_x64_vc143\lib\barmanagerd.exp
d:\myprojects\edu\2025\sw입문교육\archive\miniproject_x64_vc143\src\barmanager\debug\barmanager.tlog\bscmake.command.1.tlog
d:\myprojects\edu\2025\sw입문교육\archive\miniproject_x64_vc143\src\barmanager\debug\barmanager.tlog\bscmake.read.1.tlog
d:\myprojects\edu\2025\sw입문교육\archive\miniproject_x64_vc143\src\barmanager\debug\barmanager.tlog\bscmake.write.1.tlog
d:\myprojects\edu\2025\sw입문교육\archive\miniproject_x64_vc143\src\barmanager\debug\barmanager.tlog\cl.command.1.tlog
d:\myprojects\edu\2025\sw입문교육\archive\miniproject_x64_vc143\src\barmanager\debug\barmanager.tlog\cl.items.tlog
d:\myprojects\edu\2025\sw입문교육\archive\miniproject_x64_vc143\src\barmanager\debug\barmanager.tlog\cl.read.1.tlog
d:\myprojects\edu\2025\sw입문교육\archive\miniproject_x64_vc143\src\barmanager\debug\barmanager.tlog\cl.write.1.tlog
d:\myprojects\edu\2025\sw입문교육\archive\miniproject_x64_vc143\src\barmanager\debug\barmanager.tlog\link.command.1.tlog
d:\myprojects\edu\2025\sw입문교육\archive\miniproject_x64_vc143\src\barmanager\debug\barmanager.tlog\link.read.1.tlog
d:\myprojects\edu\2025\sw입문교육\archive\miniproject_x64_vc143\src\barmanager\debug\barmanager.tlog\link.secondary.1.tlog
d:\myprojects\edu\2025\sw입문교육\archive\miniproject_x64_vc143\src\barmanager\debug\barmanager.tlog\link.write.1.tlog
