c:\users\user\2026_miniproject_5\mls\lib\scenariomanager.bsc
c:\users\user\2026_miniproject_5\mls\src\scenariomanager\debug\vc143.pdb
c:\users\user\2026_miniproject_5\mls\src\scenariomanager\debug\vc143.idb
c:\users\user\2026_miniproject_5\mls\src\scenariomanager\debug\scenariomanager.sbr
c:\users\user\2026_miniproject_5\mls\src\scenariomanager\debug\scenariomanager.obj
c:\users\user\2026_miniproject_5\mls\bin\scenariomanager\scenariomanagerd.dll
c:\users\user\2026_miniproject_5\mls\src\scenariomanager\debug\scenariomanagerd.pdb
c:\users\user\2026_miniproject_5\mls\lib\scenariomanagerd.lib
c:\users\user\2026_miniproject_5\mls\lib\scenariomanagerd.exp
c:\users\user\2026_miniproject_5\mls\src\scenariomanager\debug\scenariomanager.tlog\bscmake.command.1.tlog
c:\users\user\2026_miniproject_5\mls\src\scenariomanager\debug\scenariomanager.tlog\bscmake.read.1.tlog
c:\users\user\2026_miniproject_5\mls\src\scenariomanager\debug\scenariomanager.tlog\bscmake.write.1.tlog
c:\users\user\2026_miniproject_5\mls\src\scenariomanager\debug\scenariomanager.tlog\cl.command.1.tlog
c:\users\user\2026_miniproject_5\mls\src\scenariomanager\debug\scenariomanager.tlog\cl.items.tlog
c:\users\user\2026_miniproject_5\mls\src\scenariomanager\debug\scenariomanager.tlog\cl.read.1.tlog
c:\users\user\2026_miniproject_5\mls\src\scenariomanager\debug\scenariomanager.tlog\cl.write.1.tlog
c:\users\user\2026_miniproject_5\mls\src\scenariomanager\debug\scenariomanager.tlog\link.command.1.tlog
c:\users\user\2026_miniproject_5\mls\src\scenariomanager\debug\scenariomanager.tlog\link.read.1.tlog
c:\users\user\2026_miniproject_5\mls\src\scenariomanager\debug\scenariomanager.tlog\link.secondary.1.tlog
c:\users\user\2026_miniproject_5\mls\src\scenariomanager\debug\scenariomanager.tlog\link.write.1.tlog
