c:\lig\nframeworkv1.8.2\examples\miniproject_sams_oc\lib\commandmanager.bsc
c:\lig\nframeworkv1.8.2\examples\miniproject_sams_oc\src\commandmanager\debug\vc143.pdb
c:\lig\nframeworkv1.8.2\examples\miniproject_sams_oc\src\commandmanager\debug\vc143.idb
c:\lig\nframeworkv1.8.2\examples\miniproject_sams_oc\src\commandmanager\debug\commandmanager.sbr
c:\lig\nframeworkv1.8.2\examples\miniproject_sams_oc\src\commandmanager\debug\commandmanager.obj
c:\lig\nframeworkv1.8.2\examples\miniproject_sams_oc\bin\commandmanager\commandmanagerd.dll
c:\lig\nframeworkv1.8.2\examples\miniproject_sams_oc\src\commandmanager\debug\commandmanagerd.pdb
c:\lig\nframeworkv1.8.2\examples\miniproject_sams_oc\lib\commandmanagerd.lib
c:\lig\nframeworkv1.8.2\examples\miniproject_sams_oc\lib\commandmanagerd.exp
c:\lig\nframeworkv1.8.2\examples\miniproject_sams_oc\src\commandmanager\debug\commandmanager.tlog\bscmake.command.1.tlog
c:\lig\nframeworkv1.8.2\examples\miniproject_sams_oc\src\commandmanager\debug\commandmanager.tlog\bscmake.read.1.tlog
c:\lig\nframeworkv1.8.2\examples\miniproject_sams_oc\src\commandmanager\debug\commandmanager.tlog\bscmake.write.1.tlog
c:\lig\nframeworkv1.8.2\examples\miniproject_sams_oc\src\commandmanager\debug\commandmanager.tlog\cl.command.1.tlog
c:\lig\nframeworkv1.8.2\examples\miniproject_sams_oc\src\commandmanager\debug\commandmanager.tlog\cl.items.tlog
c:\lig\nframeworkv1.8.2\examples\miniproject_sams_oc\src\commandmanager\debug\commandmanager.tlog\cl.read.1.tlog
c:\lig\nframeworkv1.8.2\examples\miniproject_sams_oc\src\commandmanager\debug\commandmanager.tlog\cl.write.1.tlog
c:\lig\nframeworkv1.8.2\examples\miniproject_sams_oc\src\commandmanager\debug\commandmanager.tlog\link.command.1.tlog
c:\lig\nframeworkv1.8.2\examples\miniproject_sams_oc\src\commandmanager\debug\commandmanager.tlog\link.read.1.tlog
c:\lig\nframeworkv1.8.2\examples\miniproject_sams_oc\src\commandmanager\debug\commandmanager.tlog\link.secondary.1.tlog
c:\lig\nframeworkv1.8.2\examples\miniproject_sams_oc\src\commandmanager\debug\commandmanager.tlog\link.write.1.tlog
