c:\lig\nframeworkv1.8.2\examples\miniproject_sams_oc\lib\newrolemanager.bsc
c:\lig\nframeworkv1.8.2\examples\miniproject_sams_oc\src\newrolemanager\debug\vc143.pdb
c:\lig\nframeworkv1.8.2\examples\miniproject_sams_oc\src\newrolemanager\debug\vc143.idb
c:\lig\nframeworkv1.8.2\examples\miniproject_sams_oc\src\newrolemanager\debug\newrolemanager.sbr
c:\lig\nframeworkv1.8.2\examples\miniproject_sams_oc\src\newrolemanager\debug\uitrackhandler.sbr
c:\lig\nframeworkv1.8.2\examples\miniproject_sams_oc\src\newrolemanager\debug\uitrackhandler.obj
c:\lig\nframeworkv1.8.2\examples\miniproject_sams_oc\src\newrolemanager\debug\newrolemanager.obj
c:\lig\nframeworkv1.8.2\examples\miniproject_sams_oc\bin\newrolemanager\newrolemanagerd.dll
c:\lig\nframeworkv1.8.2\examples\miniproject_sams_oc\src\newrolemanager\debug\newrolemanagerd.pdb
c:\lig\nframeworkv1.8.2\examples\miniproject_sams_oc\lib\newrolemanagerd.lib
c:\lig\nframeworkv1.8.2\examples\miniproject_sams_oc\lib\newrolemanagerd.exp
c:\lig\nframeworkv1.8.2\examples\miniproject_sams_oc\src\newrolemanager\debug\newrolemanager.tlog\bscmake.command.1.tlog
c:\lig\nframeworkv1.8.2\examples\miniproject_sams_oc\src\newrolemanager\debug\newrolemanager.tlog\bscmake.read.1.tlog
c:\lig\nframeworkv1.8.2\examples\miniproject_sams_oc\src\newrolemanager\debug\newrolemanager.tlog\bscmake.write.1.tlog
c:\lig\nframeworkv1.8.2\examples\miniproject_sams_oc\src\newrolemanager\debug\newrolemanager.tlog\cl.command.1.tlog
c:\lig\nframeworkv1.8.2\examples\miniproject_sams_oc\src\newrolemanager\debug\newrolemanager.tlog\cl.items.tlog
c:\lig\nframeworkv1.8.2\examples\miniproject_sams_oc\src\newrolemanager\debug\newrolemanager.tlog\cl.read.1.tlog
c:\lig\nframeworkv1.8.2\examples\miniproject_sams_oc\src\newrolemanager\debug\newrolemanager.tlog\cl.write.1.tlog
c:\lig\nframeworkv1.8.2\examples\miniproject_sams_oc\src\newrolemanager\debug\newrolemanager.tlog\link.command.1.tlog
c:\lig\nframeworkv1.8.2\examples\miniproject_sams_oc\src\newrolemanager\debug\newrolemanager.tlog\link.read.1.tlog
c:\lig\nframeworkv1.8.2\examples\miniproject_sams_oc\src\newrolemanager\debug\newrolemanager.tlog\link.secondary.1.tlog
c:\lig\nframeworkv1.8.2\examples\miniproject_sams_oc\src\newrolemanager\debug\newrolemanager.tlog\link.write.1.tlog
