C:\Program Files\Microsoft Visual Studio\2022\Professional\MSBuild\Microsoft\VC\v170\Microsoft.CppBuild.targets(516,5): warning MSB8004: Intermediate 디렉터리가 슬래시로 끝나지 않습니다. Intermediate 디렉터리의 적절한 평가를 허용하는 데 필요하므로 이 빌드 인스턴스에서 슬래시를 추가합니다.
C:\Program Files\Microsoft Visual Studio\2022\Professional\MSBuild\Microsoft\VC\v170\Microsoft.CppBuild.targets(517,5): warning MSB8004: Output 디렉터리가 슬래시로 끝나지 않습니다. Output 디렉터리의 적절한 평가를 허용하는 데 필요하므로 이 빌드 인스턴스에서 슬래시를 추가합니다.
  NewRoleManager.cpp
  _WIN32_WINNT not defined. Defaulting to _WIN32_WINNT_MAXVER (see WinSDKVer.h)
C:\LIG\nFrameworkv1.8.2\examples\MiniProject_SAMS_OC\src\NewRoleManager\NewRoleManager.h(1,1): warning C4828: 파일에 0x5d0 오프셋에서 시작하는 문자가 포함되어 있습니다. 이 문자는 현재 원본 문자 집합에서 잘못된 문자입니다(코드 페이지 65001).
  (소스 파일 'NewRoleManager.cpp'을(를) 컴파일하는 중)
  
C:\LIG\nFrameworkv1.8.2\examples\MiniProject_SAMS_OC\src\NewRoleManager\NewRoleManager.h(1,1): warning C4828: 파일에 0x5d7 오프셋에서 시작하는 문자가 포함되어 있습니다. 이 문자는 현재 원본 문자 집합에서 잘못된 문자입니다(코드 페이지 65001).
  (소스 파일 'NewRoleManager.cpp'을(를) 컴파일하는 중)
  
C:\LIG\nFrameworkv1.8.2\examples\MiniProject_SAMS_OC\src\NewRoleManager\NewRoleManager.h(1,1): warning C4828: 파일에 0x5dc 오프셋에서 시작하는 문자가 포함되어 있습니다. 이 문자는 현재 원본 문자 집합에서 잘못된 문자입니다(코드 페이지 65001).
  (소스 파일 'NewRoleManager.cpp'을(를) 컴파일하는 중)
  
C:\LIG\nFrameworkv1.8.2\examples\MiniProject_SAMS_OC\src\NewRoleManager\NewRoleManager.h(1,1): warning C4828: 파일에 0x5dd 오프셋에서 시작하는 문자가 포함되어 있습니다. 이 문자는 현재 원본 문자 집합에서 잘못된 문자입니다(코드 페이지 65001).
  (소스 파일 'NewRoleManager.cpp'을(를) 컴파일하는 중)
  
C:\LIG\nFrameworkv1.8.2\examples\MiniProject_SAMS_OC\src\NewRoleManager\NewRoleManager.h(1,1): warning C4828: 파일에 0x5df 오프셋에서 시작하는 문자가 포함되어 있습니다. 이 문자는 현재 원본 문자 집합에서 잘못된 문자입니다(코드 페이지 65001).
  (소스 파일 'NewRoleManager.cpp'을(를) 컴파일하는 중)
  
C:\LIG\nFrameworkv1.8.2\examples\MiniProject_SAMS_OC\src\NewRoleManager\NewRoleManager.h(1,1): warning C4828: 파일에 0x5e0 오프셋에서 시작하는 문자가 포함되어 있습니다. 이 문자는 현재 원본 문자 집합에서 잘못된 문자입니다(코드 페이지 65001).
  (소스 파일 'NewRoleManager.cpp'을(를) 컴파일하는 중)
  
C:\LIG\nFrameworkv1.8.2\examples\MiniProject_SAMS_OC\src\NewRoleManager\NewRoleManager.h(1,1): warning C4828: 파일에 0x5e1 오프셋에서 시작하는 문자가 포함되어 있습니다. 이 문자는 현재 원본 문자 집합에서 잘못된 문자입니다(코드 페이지 65001).
  (소스 파일 'NewRoleManager.cpp'을(를) 컴파일하는 중)
  
C:\LIG\nFrameworkv1.8.2\examples\MiniProject_SAMS_OC\src\NewRoleManager\NewRoleManager.h(1,1): warning C4828: 파일에 0x5e2 오프셋에서 시작하는 문자가 포함되어 있습니다. 이 문자는 현재 원본 문자 집합에서 잘못된 문자입니다(코드 페이지 65001).
  (소스 파일 'NewRoleManager.cpp'을(를) 컴파일하는 중)
  
C:\LIG\nFrameworkv1.8.2\examples\MiniProject_SAMS_OC\src\NewRoleManager\NewRoleManager.h(1,1): warning C4828: 파일에 0x5e5 오프셋에서 시작하는 문자가 포함되어 있습니다. 이 문자는 현재 원본 문자 집합에서 잘못된 문자입니다(코드 페이지 65001).
  (소스 파일 'NewRoleManager.cpp'을(를) 컴파일하는 중)
  
C:\LIG\nFrameworkv1.8.2\examples\MiniProject_SAMS_OC\src\NewRoleManager\NewRoleManager.h(1,1): warning C4828: 파일에 0x5e7 오프셋에서 시작하는 문자가 포함되어 있습니다. 이 문자는 현재 원본 문자 집합에서 잘못된 문자입니다(코드 페이지 65001).
  (소스 파일 'NewRoleManager.cpp'을(를) 컴파일하는 중)
  
C:\LIG\nFrameworkv1.8.2\examples\MiniProject_SAMS_OC\src\NewRoleManager\NewRoleManager.h(1,1): warning C4828: 파일에 0x5e9 오프셋에서 시작하는 문자가 포함되어 있습니다. 이 문자는 현재 원본 문자 집합에서 잘못된 문자입니다(코드 페이지 65001).
  (소스 파일 'NewRoleManager.cpp'을(를) 컴파일하는 중)
  
C:\LIG\nFrameworkv1.8.2\examples\MiniProject_SAMS_OC\src\NewRoleManager\NewRoleManager.h(1,1): warning C4828: 파일에 0x5ec 오프셋에서 시작하는 문자가 포함되어 있습니다. 이 문자는 현재 원본 문자 집합에서 잘못된 문자입니다(코드 페이지 65001).
  (소스 파일 'NewRoleManager.cpp'을(를) 컴파일하는 중)
  
C:\LIG\nFrameworkv1.8.2\examples\MiniProject_SAMS_OC\src\NewRoleManager\NewRoleManager.h(1,1): warning C4828: 파일에 0x5ef 오프셋에서 시작하는 문자가 포함되어 있습니다. 이 문자는 현재 원본 문자 집합에서 잘못된 문자입니다(코드 페이지 65001).
  (소스 파일 'NewRoleManager.cpp'을(를) 컴파일하는 중)
  
C:\LIG\nFrameworkv1.8.2\examples\MiniProject_SAMS_OC\src\NewRoleManager\NewRoleManager.h(1,1): warning C4828: 파일에 0x5f0 오프셋에서 시작하는 문자가 포함되어 있습니다. 이 문자는 현재 원본 문자 집합에서 잘못된 문자입니다(코드 페이지 65001).
  (소스 파일 'NewRoleManager.cpp'을(를) 컴파일하는 중)
  
C:\LIG\nFrameworkv1.8.2\examples\MiniProject_SAMS_OC\src\NewRoleManager\NewRoleManager.h(1,1): warning C4828: 파일에 0x5f4 오프셋에서 시작하는 문자가 포함되어 있습니다. 이 문자는 현재 원본 문자 집합에서 잘못된 문자입니다(코드 페이지 65001).
  (소스 파일 'NewRoleManager.cpp'을(를) 컴파일하는 중)
  
C:\LIG\nFrameworkv1.8.2\examples\MiniProject_SAMS_OC\src\NewRoleManager\NewRoleManager.h(1,1): warning C4828: 파일에 0x5f8 오프셋에서 시작하는 문자가 포함되어 있습니다. 이 문자는 현재 원본 문자 집합에서 잘못된 문자입니다(코드 페이지 65001).
  (소스 파일 'NewRoleManager.cpp'을(를) 컴파일하는 중)
  
C:\LIG\nFrameworkv1.8.2\examples\MiniProject_SAMS_OC\src\NewRoleManager\NewRoleManager.h(1,1): warning C4828: 파일에 0x5ff 오프셋에서 시작하는 문자가 포함되어 있습니다. 이 문자는 현재 원본 문자 집합에서 잘못된 문자입니다(코드 페이지 65001).
  (소스 파일 'NewRoleManager.cpp'을(를) 컴파일하는 중)
  
C:\LIG\nFrameworkv1.8.2\include\nFramework\Log4nF\Logger\Logger.h(211,38): warning C4101: 'e' :참조되지 않은 지역 변수입니다.
  (소스 파일 '../NewRoleManager/NewRoleManager.cpp'을(를) 컴파일하는 중)
  
  UITrackHandler.cpp
  코드를 생성하고 있습니다...
C:\Program Files\Microsoft Visual Studio\2022\Professional\MSBuild\Microsoft\VC\v170\Microsoft.CppBuild.targets(1392,5): warning MSB8012: TargetPath(C:\LIG\nFrameworkv1.8.2\examples\MiniProject_SAMS_OC\lib\NewRoleManager.dll)이(가) Linker의 OutputFile 속성 값(C:\LIG\nFrameworkv1.8.2\examples\MiniProject_SAMS_OC\bin\NewRoleManager\NewRoleManagerd.dll)과 일치하지 않습니다. 이로 인해 프로젝트가 잘못 빌드될 수 있습니다. 이를 수정하려면 $(OutDir), $(TargetName) 및 $(TargetExt) 속성 값이 %(Link.OutputFile)에 지정된 값과 일치해야 합니다.
C:\Program Files\Microsoft Visual Studio\2022\Professional\MSBuild\Microsoft\VC\v170\Microsoft.CppBuild.targets(1394,5): warning MSB8012: TargetName(NewRoleManager)이(가) Linker의 OutputFile 속성 값(NewRoleManagerd)과 일치하지 않습니다. 이로 인해 프로젝트가 잘못 빌드될 수 있습니다. 이를 수정하려면 $(OutDir), $(TargetName) 및 $(TargetExt) 속성 값이 %(Link.OutputFile)에 지정된 값과 일치해야 합니다.
NewRoleManager.obj : warning LNK4075: '/EDITANDCONTINUE'이(가) '/INCREMENTAL:NO' 사양으로 인해 무시됩니다.
     C:\LIG\nFrameworkv1.8.2\examples\MiniProject_SAMS_OC\lib\NewRoleManagerd.lib 라이브러리 및 C:\LIG\nFrameworkv1.8.2\examples\MiniProject_SAMS_OC\lib\NewRoleManagerd.exp 개체를 생성하고 있습니다.
  NewRoleManager.vcxproj -> C:\LIG\nFrameworkv1.8.2\examples\MiniProject_SAMS_OC\lib\NewRoleManager.dll
