c:\lig\nframeworkv1.8.2\examples\miniproject_sams_oc\lib\simulationmanager.bsc
c:\lig\nframeworkv1.8.2\examples\miniproject_sams_oc\src\simulationmanager\debug\vc143.pdb
c:\lig\nframeworkv1.8.2\examples\miniproject_sams_oc\src\simulationmanager\debug\vc143.idb
c:\lig\nframeworkv1.8.2\examples\miniproject_sams_oc\src\simulationmanager\debug\simulationmanager.sbr
c:\lig\nframeworkv1.8.2\examples\miniproject_sams_oc\src\simulationmanager\debug\simulationmanager.obj
c:\lig\nframeworkv1.8.2\examples\miniproject_sams_oc\bin\simulationmanager\simulationmanagerd.dll
c:\lig\nframeworkv1.8.2\examples\miniproject_sams_oc\src\simulationmanager\debug\simulationmanagerd.pdb
c:\lig\nframeworkv1.8.2\examples\miniproject_sams_oc\lib\simulationmanagerd.lib
c:\lig\nframeworkv1.8.2\examples\miniproject_sams_oc\lib\simulationmanagerd.exp
c:\lig\nframeworkv1.8.2\examples\miniproject_sams_oc\src\simulationmanager\debug\simulati.c35b5989.tlog\bscmake.command.1.tlog
c:\lig\nframeworkv1.8.2\examples\miniproject_sams_oc\src\simulationmanager\debug\simulati.c35b5989.tlog\bscmake.read.1.tlog
c:\lig\nframeworkv1.8.2\examples\miniproject_sams_oc\src\simulationmanager\debug\simulati.c35b5989.tlog\bscmake.write.1.tlog
c:\lig\nframeworkv1.8.2\examples\miniproject_sams_oc\src\simulationmanager\debug\simulati.c35b5989.tlog\cl.command.1.tlog
c:\lig\nframeworkv1.8.2\examples\miniproject_sams_oc\src\simulationmanager\debug\simulati.c35b5989.tlog\cl.items.tlog
c:\lig\nframeworkv1.8.2\examples\miniproject_sams_oc\src\simulationmanager\debug\simulati.c35b5989.tlog\cl.read.1.tlog
c:\lig\nframeworkv1.8.2\examples\miniproject_sams_oc\src\simulationmanager\debug\simulati.c35b5989.tlog\cl.write.1.tlog
c:\lig\nframeworkv1.8.2\examples\miniproject_sams_oc\src\simulationmanager\debug\simulati.c35b5989.tlog\link.command.1.tlog
c:\lig\nframeworkv1.8.2\examples\miniproject_sams_oc\src\simulationmanager\debug\simulati.c35b5989.tlog\link.read.1.tlog
c:\lig\nframeworkv1.8.2\examples\miniproject_sams_oc\src\simulationmanager\debug\simulati.c35b5989.tlog\link.secondary.1.tlog
c:\lig\nframeworkv1.8.2\examples\miniproject_sams_oc\src\simulationmanager\debug\simulati.c35b5989.tlog\link.write.1.tlog
