c:\users\user\2026_miniproject_5\mls\lib\launchercontrolmanager.bsc
c:\users\user\2026_miniproject_5\mls\src\launchercontrolmanager\debug\vc143.pdb
c:\users\user\2026_miniproject_5\mls\src\launchercontrolmanager\debug\vc143.idb
c:\users\user\2026_miniproject_5\mls\src\launchercontrolmanager\debug\launchercontrolmanager.sbr
c:\users\user\2026_miniproject_5\mls\src\launchercontrolmanager\debug\verticallaunchermodel.sbr
c:\users\user\2026_miniproject_5\mls\src\launchercontrolmanager\debug\verticallaunchermodel.obj
c:\users\user\2026_miniproject_5\mls\src\launchercontrolmanager\debug\launchercontrolmanager.obj
c:\users\user\2026_miniproject_5\mls\bin\launchercontrolmanager\launchercontrolmanagerd.dll
c:\users\user\2026_miniproject_5\mls\src\launchercontrolmanager\debug\launchercontrolmanagerd.pdb
c:\users\user\2026_miniproject_5\mls\lib\launchercontrolmanagerd.lib
c:\users\user\2026_miniproject_5\mls\lib\launchercontrolmanagerd.exp
c:\users\user\2026_miniproject_5\mls\src\launchercontrolmanager\debug\launcher.bea7573d.tlog\bscmake.command.1.tlog
c:\users\user\2026_miniproject_5\mls\src\launchercontrolmanager\debug\launcher.bea7573d.tlog\bscmake.read.1.tlog
c:\users\user\2026_miniproject_5\mls\src\launchercontrolmanager\debug\launcher.bea7573d.tlog\bscmake.write.1.tlog
c:\users\user\2026_miniproject_5\mls\src\launchercontrolmanager\debug\launcher.bea7573d.tlog\cl.command.1.tlog
c:\users\user\2026_miniproject_5\mls\src\launchercontrolmanager\debug\launcher.bea7573d.tlog\cl.items.tlog
c:\users\user\2026_miniproject_5\mls\src\launchercontrolmanager\debug\launcher.bea7573d.tlog\cl.read.1.tlog
c:\users\user\2026_miniproject_5\mls\src\launchercontrolmanager\debug\launcher.bea7573d.tlog\cl.write.1.tlog
c:\users\user\2026_miniproject_5\mls\src\launchercontrolmanager\debug\launcher.bea7573d.tlog\link.command.1.tlog
c:\users\user\2026_miniproject_5\mls\src\launchercontrolmanager\debug\launcher.bea7573d.tlog\link.read.1.tlog
c:\users\user\2026_miniproject_5\mls\src\launchercontrolmanager\debug\launcher.bea7573d.tlog\link.secondary.1.tlog
c:\users\user\2026_miniproject_5\mls\src\launchercontrolmanager\debug\launcher.bea7573d.tlog\link.write.1.tlog
