C:\Program Files\Microsoft Visual Studio\2022\Professional\MSBuild\Microsoft\VC\v170\Microsoft.CppBuild.targets(516,5): warning MSB8004: Intermediate 디렉터리가 슬래시로 끝나지 않습니다. Intermediate 디렉터리의 적절한 평가를 허용하는 데 필요하므로 이 빌드 인스턴스에서 슬래시를 추가합니다.
C:\Program Files\Microsoft Visual Studio\2022\Professional\MSBuild\Microsoft\VC\v170\Microsoft.CppBuild.targets(517,5): warning MSB8004: Output 디렉터리가 슬래시로 끝나지 않습니다. Output 디렉터리의 적절한 평가를 허용하는 데 필요하므로 이 빌드 인스턴스에서 슬래시를 추가합니다.
  StateManager.cpp
C:\Users\User\Desktop\MSSS_v3\src\StateManager\StateManager.cpp(1,1): warning C4828: 파일에 0x4bb 오프셋에서 시작하는 문자가 포함되어 있습니다. 이 문자는 현재 원본 문자 집합에서 잘못된 문자입니다(코드 페이지 65001).
C:\Users\User\Desktop\MSSS_v3\src\StateManager\StateManager.cpp(1,1): warning C4828: 파일에 0x4bc 오프셋에서 시작하는 문자가 포함되어 있습니다. 이 문자는 현재 원본 문자 집합에서 잘못된 문자입니다(코드 페이지 65001).
C:\Users\User\Desktop\MSSS_v3\src\StateManager\StateManager.cpp(1,1): warning C4828: 파일에 0x4be 오프셋에서 시작하는 문자가 포함되어 있습니다. 이 문자는 현재 원본 문자 집합에서 잘못된 문자입니다(코드 페이지 65001).
C:\Users\User\Desktop\MSSS_v3\src\StateManager\StateManager.cpp(1,1): warning C4828: 파일에 0x4bf 오프셋에서 시작하는 문자가 포함되어 있습니다. 이 문자는 현재 원본 문자 집합에서 잘못된 문자입니다(코드 페이지 65001).
C:\Users\User\Desktop\MSSS_v3\src\StateManager\StateManager.cpp(1,1): warning C4828: 파일에 0x4c3 오프셋에서 시작하는 문자가 포함되어 있습니다. 이 문자는 현재 원본 문자 집합에서 잘못된 문자입니다(코드 페이지 65001).
C:\Users\User\Desktop\MSSS_v3\src\StateManager\StateManager.cpp(1,1): warning C4828: 파일에 0x4c8 오프셋에서 시작하는 문자가 포함되어 있습니다. 이 문자는 현재 원본 문자 집합에서 잘못된 문자입니다(코드 페이지 65001).
C:\Users\User\Desktop\MSSS_v3\src\StateManager\StateManager.cpp(1,1): warning C4828: 파일에 0x4cb 오프셋에서 시작하는 문자가 포함되어 있습니다. 이 문자는 현재 원본 문자 집합에서 잘못된 문자입니다(코드 페이지 65001).
C:\Users\User\Desktop\MSSS_v3\src\StateManager\StateManager.cpp(1,1): warning C4828: 파일에 0xdb7 오프셋에서 시작하는 문자가 포함되어 있습니다. 이 문자는 현재 원본 문자 집합에서 잘못된 문자입니다(코드 페이지 65001).
C:\Users\User\Desktop\MSSS_v3\src\StateManager\StateManager.cpp(1,1): warning C4828: 파일에 0xdb8 오프셋에서 시작하는 문자가 포함되어 있습니다. 이 문자는 현재 원본 문자 집합에서 잘못된 문자입니다(코드 페이지 65001).
C:\Users\User\Desktop\MSSS_v3\src\StateManager\StateManager.cpp(1,1): warning C4828: 파일에 0xdba 오프셋에서 시작하는 문자가 포함되어 있습니다. 이 문자는 현재 원본 문자 집합에서 잘못된 문자입니다(코드 페이지 65001).
C:\Users\User\Desktop\MSSS_v3\src\StateManager\StateManager.cpp(1,1): warning C4828: 파일에 0xdbc 오프셋에서 시작하는 문자가 포함되어 있습니다. 이 문자는 현재 원본 문자 집합에서 잘못된 문자입니다(코드 페이지 65001).
C:\Users\User\Desktop\MSSS_v3\src\StateManager\StateManager.cpp(1,1): warning C4828: 파일에 0xdbe 오프셋에서 시작하는 문자가 포함되어 있습니다. 이 문자는 현재 원본 문자 집합에서 잘못된 문자입니다(코드 페이지 65001).
C:\Users\User\Desktop\MSSS_v3\src\StateManager\StateManager.cpp(1,1): warning C4828: 파일에 0xdc1 오프셋에서 시작하는 문자가 포함되어 있습니다. 이 문자는 현재 원본 문자 집합에서 잘못된 문자입니다(코드 페이지 65001).
C:\Users\User\Desktop\MSSS_v3\src\StateManager\StateManager.cpp(1,1): warning C4828: 파일에 0xdc5 오프셋에서 시작하는 문자가 포함되어 있습니다. 이 문자는 현재 원본 문자 집합에서 잘못된 문자입니다(코드 페이지 65001).
C:\Users\User\Desktop\MSSS_v3\src\StateManager\StateManager.cpp(1,1): warning C4828: 파일에 0xdc6 오프셋에서 시작하는 문자가 포함되어 있습니다. 이 문자는 현재 원본 문자 집합에서 잘못된 문자입니다(코드 페이지 65001).
C:\Users\User\Desktop\MSSS_v3\src\StateManager\StateManager.cpp(1,1): warning C4828: 파일에 0xdc8 오프셋에서 시작하는 문자가 포함되어 있습니다. 이 문자는 현재 원본 문자 집합에서 잘못된 문자입니다(코드 페이지 65001).
C:\Users\User\Desktop\MSSS_v3\src\StateManager\StateManager.cpp(1,1): warning C4828: 파일에 0xdc9 오프셋에서 시작하는 문자가 포함되어 있습니다. 이 문자는 현재 원본 문자 집합에서 잘못된 문자입니다(코드 페이지 65001).
C:\Users\User\Desktop\MSSS_v3\src\StateManager\StateManager.cpp(1,1): warning C4828: 파일에 0xdd4 오프셋에서 시작하는 문자가 포함되어 있습니다. 이 문자는 현재 원본 문자 집합에서 잘못된 문자입니다(코드 페이지 65001).
C:\Users\User\Desktop\MSSS_v3\src\StateManager\StateManager.cpp(1,1): warning C4828: 파일에 0xdd5 오프셋에서 시작하는 문자가 포함되어 있습니다. 이 문자는 현재 원본 문자 집합에서 잘못된 문자입니다(코드 페이지 65001).
C:\Users\User\Desktop\MSSS_v3\src\StateManager\StateManager.cpp(1,1): warning C4828: 파일에 0xdd7 오프셋에서 시작하는 문자가 포함되어 있습니다. 이 문자는 현재 원본 문자 집합에서 잘못된 문자입니다(코드 페이지 65001).
C:\Users\User\Desktop\MSSS_v3\src\StateManager\StateManager.cpp(1,1): warning C4828: 파일에 0xdda 오프셋에서 시작하는 문자가 포함되어 있습니다. 이 문자는 현재 원본 문자 집합에서 잘못된 문자입니다(코드 페이지 65001).
C:\Users\User\Desktop\MSSS_v3\src\StateManager\StateManager.cpp(1,1): warning C4828: 파일에 0xddc 오프셋에서 시작하는 문자가 포함되어 있습니다. 이 문자는 현재 원본 문자 집합에서 잘못된 문자입니다(코드 페이지 65001).
C:\Users\User\Desktop\MSSS_v3\src\StateManager\StateManager.cpp(1,1): warning C4828: 파일에 0xddd 오프셋에서 시작하는 문자가 포함되어 있습니다. 이 문자는 현재 원본 문자 집합에서 잘못된 문자입니다(코드 페이지 65001).
C:\LIG\nFrameworkv1.8.2\include\nFramework\util\IniHandler.h(251,12): warning C4251: 'IniHandler::m_strIniFilePath': 'std::basic_string<wchar_t,std::char_traits<wchar_t>,std::allocator<wchar_t>>'에서는 'IniHandler'의 클라이언트에서 DLL 인터페이스를 사용하도록 지정해야 함
  (소스 파일 'StateManager.cpp'을(를) 컴파일하는 중)
      C:\Program Files\Microsoft Visual Studio\2022\Professional\VC\Tools\MSVC\14.42.34433\include\xstring(527,7):
      'std::basic_string<wchar_t,std::char_traits<wchar_t>,std::allocator<wchar_t>>' 선언을 참조하십시오.
  
C:\LIG\nFrameworkv1.8.2\include\nFramework\util\IniHandler.h(252,12): warning C4251: 'IniHandler::m_iniEncodingType': 'std::basic_string<wchar_t,std::char_traits<wchar_t>,std::allocator<wchar_t>>'에서는 'IniHandler'의 클라이언트에서 DLL 인터페이스를 사용하도록 지정해야 함
  (소스 파일 'StateManager.cpp'을(를) 컴파일하는 중)
      C:\Program Files\Microsoft Visual Studio\2022\Professional\VC\Tools\MSVC\14.42.34433\include\xstring(527,7):
      'std::basic_string<wchar_t,std::char_traits<wchar_t>,std::allocator<wchar_t>>' 선언을 참조하십시오.
  
C:\LIG\nFrameworkv1.8.2\include\nFramework\util\IniHandler.h(261,23): warning C4251: 'IniHandler::m_iniContentList': 'std::list<IniHandler::STContent,std::allocator<IniHandler::STContent>>'에서는 'IniHandler'의 클라이언트에서 DLL 인터페이스를 사용하도록 지정해야 함
  (소스 파일 'StateManager.cpp'을(를) 컴파일하는 중)
      C:\Program Files\Microsoft Visual Studio\2022\Professional\VC\Tools\MSVC\14.42.34433\include\list(755,7):
      'std::list<IniHandler::STContent,std::allocator<IniHandler::STContent>>' 선언을 참조하십시오.
  
C:\LIG\nFrameworkv1.8.2\include\nFramework\util\IniHandler.h(281,14): warning C4251: 'IniHandler::m_mapSection': 'std::map<tstring,IniHandler::STSection,std::less<tstring>,std::allocator<std::pair<const tstring,IniHandler::STSection>>>'에서는 'IniHandler'의 클라이언트에서 DLL 인터페이스를 사용하도록 지정해야 함
  (소스 파일 'StateManager.cpp'을(를) 컴파일하는 중)
      C:\Program Files\Microsoft Visual Studio\2022\Professional\VC\Tools\MSVC\14.42.34433\include\map(72,7):
      'std::map<tstring,IniHandler::STSection,std::less<tstring>,std::allocator<std::pair<const tstring,IniHandler::STSection>>>' 선언을 참조하십시오.
  
C:\LIG\nFrameworkv1.8.2\include\nFramework\Log4nF\Appender\FileAppender.h(90,38): warning C4275: DLL 인터페이스가 아닌 class 'nframework::log4nf::IAppender'이(가) DLL 인터페이스 class 'nframework::log4nf::FileAppender'의 기본으로 사용되었습니다.
  (소스 파일 'StateManager.cpp'을(를) 컴파일하는 중)
      C:\LIG\nFrameworkv1.8.2\include\nFramework\Log4nF\Appender\IAppender.h(61,8):
      'nframework::log4nf::IAppender' 선언을 참조하십시오.
      C:\LIG\nFrameworkv1.8.2\include\nFramework\Log4nF\Appender\FileAppender.h(90,17):
      'nframework::log4nf::FileAppender' 선언을 참조하십시오.
  
C:\LIG\nFrameworkv1.8.2\include\nFramework\Log4nF\Appender\HTMLFileAppender.h(93,42): warning C4275: DLL 인터페이스가 아닌 class 'nframework::log4nf::IAppender'이(가) DLL 인터페이스 class 'nframework::log4nf::HTMLFileAppender'의 기본으로 사용되었습니다.
  (소스 파일 'StateManager.cpp'을(를) 컴파일하는 중)
      C:\LIG\nFrameworkv1.8.2\include\nFramework\Log4nF\Appender\IAppender.h(61,8):
      'nframework::log4nf::IAppender' 선언을 참조하십시오.
      C:\LIG\nFrameworkv1.8.2\include\nFramework\Log4nF\Appender\HTMLFileAppender.h(93,17):
      'nframework::log4nf::HTMLFileAppender' 선언을 참조하십시오.
  
C:\LIG\nFrameworkv1.8.2\include\nFramework\Log4nF\Logger\Logger.h(211,38): warning C4101: 'e' :참조되지 않은 지역 변수입니다.
  (소스 파일 'StateManager.cpp'을(를) 컴파일하는 중)
  
C:\LIG\nFrameworkv1.8.2\include\nFramework\nLineLog\NLineLog.h(16,42): warning C4275: DLL 인터페이스가 아닌 class 'nframework::nlinelog::INLineLog'이(가) DLL 인터페이스 class 'nframework::nlinelog::NLineLog'의 기본으로 사용되었습니다.
  (소스 파일 'StateManager.cpp'을(를) 컴파일하는 중)
      C:\LIG\nFrameworkv1.8.2\include\nFramework\NLineLog\INLineLog.h(47,8):
      'nframework::nlinelog::INLineLog' 선언을 참조하십시오.
      C:\LIG\nFrameworkv1.8.2\include\nFramework\nLineLog\NLineLog.h(16,24):
      'nframework::nlinelog::NLineLog' 선언을 참조하십시오.
  
C:\Program Files\Microsoft Visual Studio\2022\Professional\MSBuild\Microsoft\VC\v170\Microsoft.CppBuild.targets(1392,5): warning MSB8012: TargetPath(C:\Users\User\Desktop\MSSS_v3\lib\StateManager.dll)이(가) Linker의 OutputFile 속성 값(C:\Users\User\Desktop\MSSS_v3\bin\StateManager\StateManagerd.dll)과 일치하지 않습니다. 이로 인해 프로젝트가 잘못 빌드될 수 있습니다. 이를 수정하려면 $(OutDir), $(TargetName) 및 $(TargetExt) 속성 값이 %(Link.OutputFile)에 지정된 값과 일치해야 합니다.
C:\Program Files\Microsoft Visual Studio\2022\Professional\MSBuild\Microsoft\VC\v170\Microsoft.CppBuild.targets(1394,5): warning MSB8012: TargetName(StateManager)이(가) Linker의 OutputFile 속성 값(StateManagerd)과 일치하지 않습니다. 이로 인해 프로젝트가 잘못 빌드될 수 있습니다. 이를 수정하려면 $(OutDir), $(TargetName) 및 $(TargetExt) 속성 값이 %(Link.OutputFile)에 지정된 값과 일치해야 합니다.
     C:\Users\User\Desktop\MSSS_v3\lib\StateManager.lib 라이브러리 및 C:\Users\User\Desktop\MSSS_v3\lib\StateManager.exp 개체를 생성하고 있습니다.
  StateManager.vcxproj -> C:\Users\User\Desktop\MSSS_v3\lib\StateManager.dll
