  MiniProjectMain.cpp
C:\Nex1\nFrameworkv1.8.3\include\nFramework\Log4nF\Appender\FileAppender.h(85,38): warning C4275: DLL 인터페이스가 아닌 class 'nframework::log4nf::IAppender'이(가) DLL 인터페이스 class 'nframework::log4nf::FileAppender'의 기본으로 사용되었습니다.
  (소스 파일 '../MiniProjectMain/MiniProjectMain.cpp'을(를) 컴파일하는 중)
      C:\Nex1\nFrameworkv1.8.3\include\nFramework\Log4nF\Appender\IAppender.h(59,8):
      'nframework::log4nf::IAppender' 선언을 참조하십시오.
      C:\Nex1\nFrameworkv1.8.3\include\nFramework\Log4nF\Appender\FileAppender.h(85,17):
      'nframework::log4nf::FileAppender' 선언을 참조하십시오.
  
C:\Nex1\nFrameworkv1.8.3\include\nFramework\Log4nF\Appender\FileAppender.h(101,33): warning C4251: 'nframework::log4nf::FileAppender::fileSizeStatus_': 'std::pair<uint64_t,uint64_t>'에서는 'nframework::log4nf::FileAppender'의 클라이언트에서 DLL 인터페이스를 사용하도록 지정해야 함
  (소스 파일 '../MiniProjectMain/MiniProjectMain.cpp'을(를) 컴파일하는 중)
      C:\Program Files\Microsoft Visual Studio\2022\Professional\VC\Tools\MSVC\14.42.34433\include\utility(235,8):
      'std::pair<uint64_t,uint64_t>' 선언을 참조하십시오.
  
C:\Nex1\nFrameworkv1.8.3\include\nFramework\Log4nF\Appender\FileAppender.h(103,14): warning C4251: 'nframework::log4nf::FileAppender::config_': 'nframework::log4nf::FileConfig'에서는 'nframework::log4nf::FileAppender'의 클라이언트에서 DLL 인터페이스를 사용하도록 지정해야 함
  (소스 파일 '../MiniProjectMain/MiniProjectMain.cpp'을(를) 컴파일하는 중)
      C:\Nex1\nFrameworkv1.8.3\include\nFramework\Log4nF\Appender\FileAppender.h(18,9):
      'nframework::log4nf::FileConfig' 선언을 참조하십시오.
  
C:\Nex1\nFrameworkv1.8.3\include\nFramework\Log4nF\Appender\FileAppender.h(105,13): warning C4251: 'nframework::log4nf::FileAppender::outputFile_': 'std::basic_ofstream<wchar_t,std::char_traits<wchar_t>>'에서는 'nframework::log4nf::FileAppender'의 클라이언트에서 DLL 인터페이스를 사용하도록 지정해야 함
  (소스 파일 '../MiniProjectMain/MiniProjectMain.cpp'을(를) 컴파일하는 중)
      C:\Program Files\Microsoft Visual Studio\2022\Professional\VC\Tools\MSVC\14.42.34433\include\fstream(177,7):
      'std::basic_ofstream<wchar_t,std::char_traits<wchar_t>>' 선언을 참조하십시오.
  
C:\Nex1\nFrameworkv1.8.3\include\nFramework\Log4nF\Appender\FileAppender.h(106,14): warning C4251: 'nframework::log4nf::FileAppender::mutex_': 'std::mutex'에서는 'nframework::log4nf::FileAppender'의 클라이언트에서 DLL 인터페이스를 사용하도록 지정해야 함
  (소스 파일 '../MiniProjectMain/MiniProjectMain.cpp'을(를) 컴파일하는 중)
      C:\Program Files\Microsoft Visual Studio\2022\Professional\VC\Tools\MSVC\14.42.34433\include\mutex(98,19):
      'std::mutex' 선언을 참조하십시오.
  
C:\Nex1\nFrameworkv1.8.3\include\nFramework\Log4nF\Appender\HTMLFileAppender.h(88,42): warning C4275: DLL 인터페이스가 아닌 class 'nframework::log4nf::IAppender'이(가) DLL 인터페이스 class 'nframework::log4nf::HTMLFileAppender'의 기본으로 사용되었습니다.
  (소스 파일 '../MiniProjectMain/MiniProjectMain.cpp'을(를) 컴파일하는 중)
      C:\Nex1\nFrameworkv1.8.3\include\nFramework\Log4nF\Appender\IAppender.h(59,8):
      'nframework::log4nf::IAppender' 선언을 참조하십시오.
      C:\Nex1\nFrameworkv1.8.3\include\nFramework\Log4nF\Appender\HTMLFileAppender.h(88,17):
      'nframework::log4nf::HTMLFileAppender' 선언을 참조하십시오.
  
C:\Nex1\nFrameworkv1.8.3\include\nFramework\Log4nF\Appender\HTMLFileAppender.h(106,33): warning C4251: 'nframework::log4nf::HTMLFileAppender::fileSizeStatus_': 'std::pair<uint64_t,uint64_t>'에서는 'nframework::log4nf::HTMLFileAppender'의 클라이언트에서 DLL 인터페이스를 사용하도록 지정해야 함
  (소스 파일 '../MiniProjectMain/MiniProjectMain.cpp'을(를) 컴파일하는 중)
      C:\Program Files\Microsoft Visual Studio\2022\Professional\VC\Tools\MSVC\14.42.34433\include\utility(235,8):
      'std::pair<uint64_t,uint64_t>' 선언을 참조하십시오.
  
C:\Nex1\nFrameworkv1.8.3\include\nFramework\Log4nF\Appender\HTMLFileAppender.h(109,18): warning C4251: 'nframework::log4nf::HTMLFileAppender::config_': 'nframework::log4nf::HTMLFileConfig'에서는 'nframework::log4nf::HTMLFileAppender'의 클라이언트에서 DLL 인터페이스를 사용하도록 지정해야 함
  (소스 파일 '../MiniProjectMain/MiniProjectMain.cpp'을(를) 컴파일하는 중)
      C:\Nex1\nFrameworkv1.8.3\include\nFramework\Log4nF\Appender\HTMLFileAppender.h(18,9):
      'nframework::log4nf::HTMLFileConfig' 선언을 참조하십시오.
  
C:\Nex1\nFrameworkv1.8.3\include\nFramework\Log4nF\Appender\HTMLFileAppender.h(111,13): warning C4251: 'nframework::log4nf::HTMLFileAppender::outputFile_': 'std::basic_ofstream<wchar_t,std::char_traits<wchar_t>>'에서는 'nframework::log4nf::HTMLFileAppender'의 클라이언트에서 DLL 인터페이스를 사용하도록 지정해야 함
  (소스 파일 '../MiniProjectMain/MiniProjectMain.cpp'을(를) 컴파일하는 중)
      C:\Program Files\Microsoft Visual Studio\2022\Professional\VC\Tools\MSVC\14.42.34433\include\fstream(177,7):
      'std::basic_ofstream<wchar_t,std::char_traits<wchar_t>>' 선언을 참조하십시오.
  
C:\Nex1\nFrameworkv1.8.3\include\nFramework\Log4nF\Appender\HTMLFileAppender.h(112,14): warning C4251: 'nframework::log4nf::HTMLFileAppender::mutex_': 'std::mutex'에서는 'nframework::log4nf::HTMLFileAppender'의 클라이언트에서 DLL 인터페이스를 사용하도록 지정해야 함
  (소스 파일 '../MiniProjectMain/MiniProjectMain.cpp'을(를) 컴파일하는 중)
      C:\Program Files\Microsoft Visual Studio\2022\Professional\VC\Tools\MSVC\14.42.34433\include\mutex(98,19):
      'std::mutex' 선언을 참조하십시오.
  
C:\Nex1\nFrameworkv1.8.3\include\nFramework\Log4nF\Logger\LogConfiguration.h(33,30): warning C4251: 'nframework::log4nf::LogConfiguration::sections_': 'std::map<tstring,nframework::log4nf::LogConfiguration::SECTION,std::less<tstring>,std::allocator<std::pair<const tstring,nframework::log4nf::LogConfiguration::SECTION>>>'에서는 'nframework::log4nf::LogConfiguration'의 클라이언트에서 DLL 인터페이스를 사용하도록 지정해야 함
  (소스 파일 '../MiniProjectMain/MiniProjectMain.cpp'을(를) 컴파일하는 중)
      C:\Program Files\Microsoft Visual Studio\2022\Professional\VC\Tools\MSVC\14.42.34433\include\map(72,7):
      'std::map<tstring,nframework::log4nf::LogConfiguration::SECTION,std::less<tstring>,std::allocator<std::pair<const tstring,nframework::log4nf::LogConfiguration::SECTION>>>' 선언을 참조하십시오.
  
C:\Nex1\nFrameworkv1.8.3\include\nFramework\Log4nF\Loggable.h(123,33): warning C4251: 'nframework::log4nf::Loggable::adapter_': 'std::shared_ptr<nframework::log4nf::LoggerAdapter>'에서는 'nframework::log4nf::Loggable'의 클라이언트에서 DLL 인터페이스를 사용하도록 지정해야 함
  (소스 파일 '../MiniProjectMain/MiniProjectMain.cpp'을(를) 컴파일하는 중)
      C:\Program Files\Microsoft Visual Studio\2022\Professional\VC\Tools\MSVC\14.42.34433\include\memory(1560,7):
      'std::shared_ptr<nframework::log4nf::LoggerAdapter>' 선언을 참조하십시오.
  
C:\Program Files (x86)\Windows Kits\10\Include\10.0.26100.0\ucrt\tchar.h(2320,9): warning C4005: '_T': 매크로 재정의
  (소스 파일 '../MiniProjectMain/MiniProjectMain.cpp'을(를) 컴파일하는 중)
      C:\Nex1\nFrameworkv1.8.3\include\nFramework\Log4nF\Values\LogLevel.hpp(24,9):
      '_T'의 이전 정의를 참조하십시오.
  
  _WIN32_WINNT not defined. Defaulting to _WIN32_WINNT_MAXVER (see WinSDKVer.h)
  코드를 생성하고 있습니다.
  코드를 생성했습니다.
  MiniProjectMain.vcxproj -> C:\Nex1\nFrameworkv1.8.3\examples\MiniProject_x64_vc143\bin\MiniProjectMain.exe
