c:\nex1\nframeworkv1.8.3\examples\miniproject_x64_vc143\src\rticommunicationmanager\release\vc143.pdb
c:\nex1\nframeworkv1.8.3\examples\miniproject_x64_vc143\src\rticommunicationmanager\release\rticommunicationmanager.sbr
c:\nex1\nframeworkv1.8.3\examples\miniproject_x64_vc143\src\rticommunicationmanager\release\rticommunicationmanager.obj
c:\nex1\nframeworkv1.8.3\examples\miniproject_x64_vc143\bin\rticommunicationmanager\rticommunicationmanager.dll
c:\nex1\nframeworkv1.8.3\examples\miniproject_x64_vc143\lib\rticommunicationmanager.lib
c:\nex1\nframeworkv1.8.3\examples\miniproject_x64_vc143\lib\rticommunicationmanager.exp
c:\nex1\nframeworkv1.8.3\examples\miniproject_x64_vc143\src\rticommunicationmanager\release\rticommunicationmanager.ipdb
c:\nex1\nframeworkv1.8.3\examples\miniproject_x64_vc143\src\rticommunicationmanager\release\rticommunicationmanager.iobj
c:\nex1\nframeworkv1.8.3\examples\miniproject_x64_vc143\lib\rticommunicationmanager.bsc
c:\nex1\nframeworkv1.8.3\examples\miniproject_x64_vc143\src\rticommunicationmanager\release\rticommu.a3fc0430.tlog\bscmake.command.1.tlog
c:\nex1\nframeworkv1.8.3\examples\miniproject_x64_vc143\src\rticommunicationmanager\release\rticommu.a3fc0430.tlog\bscmake.read.1.tlog
c:\nex1\nframeworkv1.8.3\examples\miniproject_x64_vc143\src\rticommunicationmanager\release\rticommu.a3fc0430.tlog\bscmake.write.1.tlog
c:\nex1\nframeworkv1.8.3\examples\miniproject_x64_vc143\src\rticommunicationmanager\release\rticommu.a3fc0430.tlog\cl.command.1.tlog
c:\nex1\nframeworkv1.8.3\examples\miniproject_x64_vc143\src\rticommunicationmanager\release\rticommu.a3fc0430.tlog\cl.items.tlog
c:\nex1\nframeworkv1.8.3\examples\miniproject_x64_vc143\src\rticommunicationmanager\release\rticommu.a3fc0430.tlog\cl.read.1.tlog
c:\nex1\nframeworkv1.8.3\examples\miniproject_x64_vc143\src\rticommunicationmanager\release\rticommu.a3fc0430.tlog\cl.write.1.tlog
c:\nex1\nframeworkv1.8.3\examples\miniproject_x64_vc143\src\rticommunicationmanager\release\rticommu.a3fc0430.tlog\link.command.1.tlog
c:\nex1\nframeworkv1.8.3\examples\miniproject_x64_vc143\src\rticommunicationmanager\release\rticommu.a3fc0430.tlog\link.read.1.tlog
c:\nex1\nframeworkv1.8.3\examples\miniproject_x64_vc143\src\rticommunicationmanager\release\rticommu.a3fc0430.tlog\link.secondary.1.tlog
c:\nex1\nframeworkv1.8.3\examples\miniproject_x64_vc143\src\rticommunicationmanager\release\rticommu.a3fc0430.tlog\link.write.1.tlog
