C:\Program Files\Microsoft Visual Studio\2022\Professional\MSBuild\Microsoft\VC\v170\Microsoft.CppBuild.targets(516,5): warning MSB8004: Intermediate 디렉터리가 슬래시로 끝나지 않습니다. Intermediate 디렉터리의 적절한 평가를 허용하는 데 필요하므로 이 빌드 인스턴스에서 슬래시를 추가합니다.
C:\Program Files\Microsoft Visual Studio\2022\Professional\MSBuild\Microsoft\VC\v170\Microsoft.CppBuild.targets(517,5): warning MSB8004: Output 디렉터리가 슬래시로 끝나지 않습니다. Output 디렉터리의 적절한 평가를 허용하는 데 필요하므로 이 빌드 인스턴스에서 슬래시를 추가합니다.
cl : 명령줄  warning D9035: 'experimental:preprocessor' 옵션은 더 이상 사용되지 않으므로 이후 릴리스에서 제거될 예정입니다.
cl : 명령줄  warning D9036: 'Zc:preprocessor'을(를) 사용하고 'experimental:preprocessor'은(는) 사용하지 마십시오.
  CommMessageHandler.cpp
  TCPCommunicationManager.cpp
C:\Users\User\Desktop\MSSS_v3\src\TCPCommunicationManager\TCPCommunicationManager.cpp(1,1): warning C4828: 파일에 0x392 오프셋에서 시작하는 문자가 포함되어 있습니다. 이 문자는 현재 원본 문자 집합에서 잘못된 문자입니다(코드 페이지 65001).
C:\Users\User\Desktop\MSSS_v3\src\TCPCommunicationManager\TCPCommunicationManager.cpp(1,1): warning C4828: 파일에 0x395 오프셋에서 시작하는 문자가 포함되어 있습니다. 이 문자는 현재 원본 문자 집합에서 잘못된 문자입니다(코드 페이지 65001).
C:\Users\User\Desktop\MSSS_v3\src\TCPCommunicationManager\TCPCommunicationManager.cpp(1,1): warning C4828: 파일에 0x397 오프셋에서 시작하는 문자가 포함되어 있습니다. 이 문자는 현재 원본 문자 집합에서 잘못된 문자입니다(코드 페이지 65001).
C:\Users\User\Desktop\MSSS_v3\src\TCPCommunicationManager\TCPCommunicationManager.cpp(1,1): warning C4828: 파일에 0x39b 오프셋에서 시작하는 문자가 포함되어 있습니다. 이 문자는 현재 원본 문자 집합에서 잘못된 문자입니다(코드 페이지 65001).
C:\Users\User\Desktop\MSSS_v3\src\TCPCommunicationManager\TCPCommunicationManager.cpp(1,1): warning C4828: 파일에 0x39c 오프셋에서 시작하는 문자가 포함되어 있습니다. 이 문자는 현재 원본 문자 집합에서 잘못된 문자입니다(코드 페이지 65001).
C:\Users\User\Desktop\MSSS_v3\src\TCPCommunicationManager\TCPCommunicationManager.cpp(1,1): warning C4828: 파일에 0x4ff 오프셋에서 시작하는 문자가 포함되어 있습니다. 이 문자는 현재 원본 문자 집합에서 잘못된 문자입니다(코드 페이지 65001).
C:\Users\User\Desktop\MSSS_v3\src\TCPCommunicationManager\TCPCommunicationManager.cpp(1,1): warning C4828: 파일에 0x501 오프셋에서 시작하는 문자가 포함되어 있습니다. 이 문자는 현재 원본 문자 집합에서 잘못된 문자입니다(코드 페이지 65001).
C:\Users\User\Desktop\MSSS_v3\src\TCPCommunicationManager\TCPCommunicationManager.cpp(1,1): warning C4828: 파일에 0x502 오프셋에서 시작하는 문자가 포함되어 있습니다. 이 문자는 현재 원본 문자 집합에서 잘못된 문자입니다(코드 페이지 65001).
C:\Users\User\Desktop\MSSS_v3\src\TCPCommunicationManager\TCPCommunicationManager.cpp(1,1): warning C4828: 파일에 0x1158 오프셋에서 시작하는 문자가 포함되어 있습니다. 이 문자는 현재 원본 문자 집합에서 잘못된 문자입니다(코드 페이지 65001).
C:\Users\User\Desktop\MSSS_v3\src\TCPCommunicationManager\TCPCommunicationManager.cpp(1,1): warning C4828: 파일에 0x115b 오프셋에서 시작하는 문자가 포함되어 있습니다. 이 문자는 현재 원본 문자 집합에서 잘못된 문자입니다(코드 페이지 65001).
C:\Users\User\Desktop\MSSS_v3\src\TCPCommunicationManager\TCPCommunicationManager.cpp(1,1): warning C4828: 파일에 0x115d 오프셋에서 시작하는 문자가 포함되어 있습니다. 이 문자는 현재 원본 문자 집합에서 잘못된 문자입니다(코드 페이지 65001).
C:\Users\User\Desktop\MSSS_v3\src\TCPCommunicationManager\TCPCommunicationManager.cpp(1,1): warning C4828: 파일에 0x1161 오프셋에서 시작하는 문자가 포함되어 있습니다. 이 문자는 현재 원본 문자 집합에서 잘못된 문자입니다(코드 페이지 65001).
C:\Users\User\Desktop\MSSS_v3\src\TCPCommunicationManager\TCPCommunicationManager.cpp(1,1): warning C4828: 파일에 0x1162 오프셋에서 시작하는 문자가 포함되어 있습니다. 이 문자는 현재 원본 문자 집합에서 잘못된 문자입니다(코드 페이지 65001).
C:\Users\User\Desktop\MSSS_v3\src\TCPCommunicationManager\TCPCommunicationManager.cpp(1,1): warning C4828: 파일에 0x14ed 오프셋에서 시작하는 문자가 포함되어 있습니다. 이 문자는 현재 원본 문자 집합에서 잘못된 문자입니다(코드 페이지 65001).
C:\Users\User\Desktop\MSSS_v3\src\TCPCommunicationManager\TCPCommunicationManager.cpp(1,1): warning C4828: 파일에 0x14ef 오프셋에서 시작하는 문자가 포함되어 있습니다. 이 문자는 현재 원본 문자 집합에서 잘못된 문자입니다(코드 페이지 65001).
C:\Users\User\Desktop\MSSS_v3\src\TCPCommunicationManager\TCPCommunicationManager.cpp(1,1): warning C4828: 파일에 0x14f0 오프셋에서 시작하는 문자가 포함되어 있습니다. 이 문자는 현재 원본 문자 집합에서 잘못된 문자입니다(코드 페이지 65001).
C:\Users\User\Desktop\MSSS_v3\src\TCPCommunicationManager\TCPCommunicationManager.cpp(1,1): warning C4828: 파일에 0x14f2 오프셋에서 시작하는 문자가 포함되어 있습니다. 이 문자는 현재 원본 문자 집합에서 잘못된 문자입니다(코드 페이지 65001).
C:\Users\User\Desktop\MSSS_v3\src\TCPCommunicationManager\TCPCommunicationManager.cpp(1,1): warning C4828: 파일에 0x14fa 오프셋에서 시작하는 문자가 포함되어 있습니다. 이 문자는 현재 원본 문자 집합에서 잘못된 문자입니다(코드 페이지 65001).
C:\Users\User\Desktop\MSSS_v3\src\TCPCommunicationManager\TCPCommunicationManager.cpp(1,1): warning C4828: 파일에 0x14fd 오프셋에서 시작하는 문자가 포함되어 있습니다. 이 문자는 현재 원본 문자 집합에서 잘못된 문자입니다(코드 페이지 65001).
C:\Users\User\Desktop\MSSS_v3\src\TCPCommunicationManager\TCPCommunicationManager.cpp(1,1): warning C4828: 파일에 0x1502 오프셋에서 시작하는 문자가 포함되어 있습니다. 이 문자는 현재 원본 문자 집합에서 잘못된 문자입니다(코드 페이지 65001).
C:\Users\User\Desktop\MSSS_v3\src\TCPCommunicationManager\TCPCommunicationManager.cpp(1,1): warning C4828: 파일에 0x1503 오프셋에서 시작하는 문자가 포함되어 있습니다. 이 문자는 현재 원본 문자 집합에서 잘못된 문자입니다(코드 페이지 65001).
C:\Users\User\Desktop\MSSS_v3\src\TCPCommunicationManager\TCPCommunicationManager.cpp(1,1): warning C4828: 파일에 0x1505 오프셋에서 시작하는 문자가 포함되어 있습니다. 이 문자는 현재 원본 문자 집합에서 잘못된 문자입니다(코드 페이지 65001).
C:\Users\User\Desktop\MSSS_v3\src\TCPCommunicationManager\TCPCommunicationManager.cpp(1,1): warning C4828: 파일에 0x1506 오프셋에서 시작하는 문자가 포함되어 있습니다. 이 문자는 현재 원본 문자 집합에서 잘못된 문자입니다(코드 페이지 65001).
C:\Users\User\Desktop\MSSS_v3\src\TCPCommunicationManager\TCPCommunicationManager.cpp(1,1): warning C4828: 파일에 0x1509 오프셋에서 시작하는 문자가 포함되어 있습니다. 이 문자는 현재 원본 문자 집합에서 잘못된 문자입니다(코드 페이지 65001).
C:\Users\User\Desktop\MSSS_v3\src\TCPCommunicationManager\TCPCommunicationManager.cpp(1,1): warning C4828: 파일에 0x150a 오프셋에서 시작하는 문자가 포함되어 있습니다. 이 문자는 현재 원본 문자 집합에서 잘못된 문자입니다(코드 페이지 65001).
C:\Users\User\Desktop\MSSS_v3\src\TCPCommunicationManager\TCPCommunicationManager.cpp(1,1): warning C4828: 파일에 0x150e 오프셋에서 시작하는 문자가 포함되어 있습니다. 이 문자는 현재 원본 문자 집합에서 잘못된 문자입니다(코드 페이지 65001).
C:\Users\User\Desktop\MSSS_v3\src\TCPCommunicationManager\TCPCommunicationManager.cpp(1,1): warning C4828: 파일에 0x150f 오프셋에서 시작하는 문자가 포함되어 있습니다. 이 문자는 현재 원본 문자 집합에서 잘못된 문자입니다(코드 페이지 65001).
C:\Users\User\Desktop\MSSS_v3\src\TCPCommunicationManager\TCPCommunicationManager.cpp(1,1): warning C4828: 파일에 0x1783 오프셋에서 시작하는 문자가 포함되어 있습니다. 이 문자는 현재 원본 문자 집합에서 잘못된 문자입니다(코드 페이지 65001).
C:\Users\User\Desktop\MSSS_v3\src\TCPCommunicationManager\TCPCommunicationManager.cpp(1,1): warning C4828: 파일에 0x1784 오프셋에서 시작하는 문자가 포함되어 있습니다. 이 문자는 현재 원본 문자 집합에서 잘못된 문자입니다(코드 페이지 65001).
C:\Users\User\Desktop\MSSS_v3\src\TCPCommunicationManager\TCPCommunicationManager.cpp(1,1): warning C4828: 파일에 0x1786 오프셋에서 시작하는 문자가 포함되어 있습니다. 이 문자는 현재 원본 문자 집합에서 잘못된 문자입니다(코드 페이지 65001).
C:\Users\User\Desktop\MSSS_v3\src\TCPCommunicationManager\TCPCommunicationManager.cpp(1,1): warning C4828: 파일에 0x1789 오프셋에서 시작하는 문자가 포함되어 있습니다. 이 문자는 현재 원본 문자 집합에서 잘못된 문자입니다(코드 페이지 65001).
C:\Users\User\Desktop\MSSS_v3\src\TCPCommunicationManager\TCPCommunicationManager.cpp(1,1): warning C4828: 파일에 0x178a 오프셋에서 시작하는 문자가 포함되어 있습니다. 이 문자는 현재 원본 문자 집합에서 잘못된 문자입니다(코드 페이지 65001).
C:\Users\User\Desktop\MSSS_v3\src\TCPCommunicationManager\TCPCommunicationManager.cpp(1,1): warning C4828: 파일에 0x178c 오프셋에서 시작하는 문자가 포함되어 있습니다. 이 문자는 현재 원본 문자 집합에서 잘못된 문자입니다(코드 페이지 65001).
C:\Users\User\Desktop\MSSS_v3\src\TCPCommunicationManager\TCPCommunicationManager.cpp(1,1): warning C4828: 파일에 0x178d 오프셋에서 시작하는 문자가 포함되어 있습니다. 이 문자는 현재 원본 문자 집합에서 잘못된 문자입니다(코드 페이지 65001).
C:\Users\User\Desktop\MSSS_v3\src\TCPCommunicationManager\TCPCommunicationManager.cpp(1,1): warning C4828: 파일에 0x178e 오프셋에서 시작하는 문자가 포함되어 있습니다. 이 문자는 현재 원본 문자 집합에서 잘못된 문자입니다(코드 페이지 65001).
C:\Users\User\Desktop\MSSS_v3\src\TCPCommunicationManager\TCPCommunicationManager.cpp(1,1): warning C4828: 파일에 0x178f 오프셋에서 시작하는 문자가 포함되어 있습니다. 이 문자는 현재 원본 문자 집합에서 잘못된 문자입니다(코드 페이지 65001).
C:\Users\User\Desktop\MSSS_v3\src\TCPCommunicationManager\TCPCommunicationManager.cpp(1,1): warning C4828: 파일에 0x1797 오프셋에서 시작하는 문자가 포함되어 있습니다. 이 문자는 현재 원본 문자 집합에서 잘못된 문자입니다(코드 페이지 65001).
C:\Users\User\Desktop\MSSS_v3\src\TCPCommunicationManager\TCPCommunicationManager.cpp(1,1): warning C4828: 파일에 0x1798 오프셋에서 시작하는 문자가 포함되어 있습니다. 이 문자는 현재 원본 문자 집합에서 잘못된 문자입니다(코드 페이지 65001).
C:\Users\User\Desktop\MSSS_v3\src\TCPCommunicationManager\TCPCommunicationManager.cpp(1,1): warning C4828: 파일에 0x1799 오프셋에서 시작하는 문자가 포함되어 있습니다. 이 문자는 현재 원본 문자 집합에서 잘못된 문자입니다(코드 페이지 65001).
C:\Users\User\Desktop\MSSS_v3\src\TCPCommunicationManager\TCPCommunicationManager.cpp(1,1): warning C4828: 파일에 0x179a 오프셋에서 시작하는 문자가 포함되어 있습니다. 이 문자는 현재 원본 문자 집합에서 잘못된 문자입니다(코드 페이지 65001).
  Please define _WIN32_WINNT or _WIN32_WINDOWS appropriately. For example:
  - add -D_WIN32_WINNT=0x0601 to the compiler command line; or
  - add _WIN32_WINNT=0x0601 to your project's Preprocessor Definitions.
  Assuming _WIN32_WINNT=0x0601 (i.e. Windows 7 target).
  코드를 생성하고 있습니다...
C:\Program Files\Microsoft Visual Studio\2022\Professional\MSBuild\Microsoft\VC\v170\Microsoft.CppBuild.targets(1392,5): warning MSB8012: TargetPath(C:\Users\User\Desktop\MSSS_v3\lib\TCPCommunicationManagerd.dll)이(가) Linker의 OutputFile 속성 값(C:\Users\User\Desktop\MSSS_v3\bin\TCPCommunicationManager\TCPCommunicationManagerd.dll)과 일치하지 않습니다. 이로 인해 프로젝트가 잘못 빌드될 수 있습니다. 이를 수정하려면 $(OutDir), $(TargetName) 및 $(TargetExt) 속성 값이 %(Link.OutputFile)에 지정된 값과 일치해야 합니다.
CommMessageHandler.obj : warning LNK4075: '/EDITANDCONTINUE'이(가) '/INCREMENTAL:NO' 사양으로 인해 무시됩니다.
     C:\Users\User\Desktop\MSSS_v3\lib/TCPCommunicationManagerd.lib 라이브러리 및 C:\Users\User\Desktop\MSSS_v3\lib/TCPCommunicationManagerd.exp 개체를 생성하고 있습니다.
  TCPCommunicationManager.vcxproj -> C:\Users\User\Desktop\MSSS_v3\lib\TCPCommunicationManagerd.dll
