c:\users\user\desktop\msss_v3\lib\commandmanager.bsc
c:\users\user\desktop\msss_v3\src\commandmanager\debug\vc143.pdb
c:\users\user\desktop\msss_v3\src\commandmanager\debug\vc143.idb
c:\users\user\desktop\msss_v3\src\commandmanager\debug\commandmanager.sbr
c:\users\user\desktop\msss_v3\src\commandmanager\debug\commandmanager.obj
c:\users\user\desktop\msss_v3\bin\commandmanager\commandmanagerd.dll
c:\users\user\desktop\msss_v3\src\commandmanager\debug\commandmanagerd.pdb
c:\users\user\desktop\msss_v3\lib\commandmanagerd.lib
c:\users\user\desktop\msss_v3\lib\commandmanagerd.exp
c:\users\user\desktop\msss_v3\src\commandmanager\debug\commandmanager.tlog\bscmake.command.1.tlog
c:\users\user\desktop\msss_v3\src\commandmanager\debug\commandmanager.tlog\bscmake.read.1.tlog
c:\users\user\desktop\msss_v3\src\commandmanager\debug\commandmanager.tlog\bscmake.write.1.tlog
c:\users\user\desktop\msss_v3\src\commandmanager\debug\commandmanager.tlog\cl.command.1.tlog
c:\users\user\desktop\msss_v3\src\commandmanager\debug\commandmanager.tlog\cl.items.tlog
c:\users\user\desktop\msss_v3\src\commandmanager\debug\commandmanager.tlog\cl.read.1.tlog
c:\users\user\desktop\msss_v3\src\commandmanager\debug\commandmanager.tlog\cl.write.1.tlog
c:\users\user\desktop\msss_v3\src\commandmanager\debug\commandmanager.tlog\link.command.1.tlog
c:\users\user\desktop\msss_v3\src\commandmanager\debug\commandmanager.tlog\link.read.1.tlog
c:\users\user\desktop\msss_v3\src\commandmanager\debug\commandmanager.tlog\link.secondary.1.tlog
c:\users\user\desktop\msss_v3\src\commandmanager\debug\commandmanager.tlog\link.write.1.tlog
