c:\users\user\2026_miniproject_5\mls\lib\communicationmanager.bsc
c:\users\user\2026_miniproject_5\mls\src\communicationmanager\debug\vc143.pdb
c:\users\user\2026_miniproject_5\mls\src\communicationmanager\debug\vc143.idb
c:\users\user\2026_miniproject_5\mls\src\communicationmanager\debug\commmessagehandler.sbr
c:\users\user\2026_miniproject_5\mls\src\communicationmanager\debug\communicationmanager.sbr
c:\users\user\2026_miniproject_5\mls\src\communicationmanager\debug\communicationmanager.obj
c:\users\user\2026_miniproject_5\mls\src\communicationmanager\debug\commmessagehandler.obj
c:\users\user\2026_miniproject_5\mls\bin\communicationmanager\communicationmanagerd.dll
c:\users\user\2026_miniproject_5\mls\src\communicationmanager\debug\communicationmanagerd.pdb
c:\users\user\2026_miniproject_5\mls\lib\communicationmanagerd.lib
c:\users\user\2026_miniproject_5\mls\lib\communicationmanagerd.exp
c:\users\user\2026_miniproject_5\mls\src\communicationmanager\debug\communic.8b919b78.tlog\bscmake.command.1.tlog
c:\users\user\2026_miniproject_5\mls\src\communicationmanager\debug\communic.8b919b78.tlog\bscmake.read.1.tlog
c:\users\user\2026_miniproject_5\mls\src\communicationmanager\debug\communic.8b919b78.tlog\bscmake.write.1.tlog
c:\users\user\2026_miniproject_5\mls\src\communicationmanager\debug\communic.8b919b78.tlog\cl.command.1.tlog
c:\users\user\2026_miniproject_5\mls\src\communicationmanager\debug\communic.8b919b78.tlog\cl.items.tlog
c:\users\user\2026_miniproject_5\mls\src\communicationmanager\debug\communic.8b919b78.tlog\cl.read.1.tlog
c:\users\user\2026_miniproject_5\mls\src\communicationmanager\debug\communic.8b919b78.tlog\cl.write.1.tlog
c:\users\user\2026_miniproject_5\mls\src\communicationmanager\debug\communic.8b919b78.tlog\link.command.1.tlog
c:\users\user\2026_miniproject_5\mls\src\communicationmanager\debug\communic.8b919b78.tlog\link.read.1.tlog
c:\users\user\2026_miniproject_5\mls\src\communicationmanager\debug\communic.8b919b78.tlog\link.secondary.1.tlog
c:\users\user\2026_miniproject_5\mls\src\communicationmanager\debug\communic.8b919b78.tlog\link.write.1.tlog
