c:\users\user\2026_miniproject_5\mls\lib\communicationmanager.bsc
c:\users\user\2026_miniproject_5\mls\src\communicationmanager\release\vc143.pdb
c:\users\user\2026_miniproject_5\mls\src\communicationmanager\release\commmessagehandler.sbr
c:\users\user\2026_miniproject_5\mls\src\communicationmanager\release\communicationmanager.sbr
c:\users\user\2026_miniproject_5\mls\src\communicationmanager\release\communicationmanager.obj
c:\users\user\2026_miniproject_5\mls\src\communicationmanager\release\commmessagehandler.obj
c:\users\user\2026_miniproject_5\mls\bin\communicationmanager\communicationmanager.dll
c:\users\user\2026_miniproject_5\mls\lib\communicationmanager.lib
c:\users\user\2026_miniproject_5\mls\lib\communicationmanager.exp
c:\users\user\2026_miniproject_5\mls\src\communicationmanager\release\communicationmanager.ipdb
c:\users\user\2026_miniproject_5\mls\src\communicationmanager\release\communicationmanager.iobj
c:\users\user\2026_miniproject_5\mls\\lib\communicationmanager.bsc
c:\users\user\2026_miniproject_5\mls\src\communicationmanager\release\communic.8b919b78.tlog\bscmake.command.1.tlog
c:\users\user\2026_miniproject_5\mls\src\communicationmanager\release\communic.8b919b78.tlog\bscmake.read.1.tlog
c:\users\user\2026_miniproject_5\mls\src\communicationmanager\release\communic.8b919b78.tlog\bscmake.write.1.tlog
c:\users\user\2026_miniproject_5\mls\src\communicationmanager\release\communic.8b919b78.tlog\cl.command.1.tlog
c:\users\user\2026_miniproject_5\mls\src\communicationmanager\release\communic.8b919b78.tlog\cl.items.tlog
c:\users\user\2026_miniproject_5\mls\src\communicationmanager\release\communic.8b919b78.tlog\cl.read.1.tlog
c:\users\user\2026_miniproject_5\mls\src\communicationmanager\release\communic.8b919b78.tlog\cl.write.1.tlog
c:\users\user\2026_miniproject_5\mls\src\communicationmanager\release\communic.8b919b78.tlog\link.command.1.tlog
c:\users\user\2026_miniproject_5\mls\src\communicationmanager\release\communic.8b919b78.tlog\link.read.1.tlog
c:\users\user\2026_miniproject_5\mls\src\communicationmanager\release\communic.8b919b78.tlog\link.secondary.1.tlog
c:\users\user\2026_miniproject_5\mls\src\communicationmanager\release\communic.8b919b78.tlog\link.write.1.tlog
