c:\users\user\desktop\msss_v3\lib\foomanager.bsc
c:\users\user\desktop\msss_v3\src\foomanager\debug\vc143.pdb
c:\users\user\desktop\msss_v3\src\foomanager\debug\vc143.idb
c:\users\user\desktop\msss_v3\src\foomanager\debug\foomanager.sbr
c:\users\user\desktop\msss_v3\src\foomanager\debug\foomanager.obj
c:\users\user\desktop\msss_v3\bin\foomanager\foomanagerd.dll
c:\users\user\desktop\msss_v3\src\foomanager\debug\foomanagerd.pdb
c:\users\user\desktop\msss_v3\lib\foomanagerd.lib
c:\users\user\desktop\msss_v3\lib\foomanagerd.exp
c:\users\user\desktop\msss_v3\src\foomanager\debug\foomanager.tlog\bscmake.command.1.tlog
c:\users\user\desktop\msss_v3\src\foomanager\debug\foomanager.tlog\bscmake.read.1.tlog
c:\users\user\desktop\msss_v3\src\foomanager\debug\foomanager.tlog\bscmake.write.1.tlog
c:\users\user\desktop\msss_v3\src\foomanager\debug\foomanager.tlog\cl.command.1.tlog
c:\users\user\desktop\msss_v3\src\foomanager\debug\foomanager.tlog\cl.items.tlog
c:\users\user\desktop\msss_v3\src\foomanager\debug\foomanager.tlog\cl.read.1.tlog
c:\users\user\desktop\msss_v3\src\foomanager\debug\foomanager.tlog\cl.write.1.tlog
c:\users\user\desktop\msss_v3\src\foomanager\debug\foomanager.tlog\link.command.1.tlog
c:\users\user\desktop\msss_v3\src\foomanager\debug\foomanager.tlog\link.read.1.tlog
c:\users\user\desktop\msss_v3\src\foomanager\debug\foomanager.tlog\link.secondary.1.tlog
c:\users\user\desktop\msss_v3\src\foomanager\debug\foomanager.tlog\link.write.1.tlog
