C:\Program Files\Microsoft Visual Studio\2022\Professional\MSBuild\Microsoft\VC\v170\Microsoft.CppBuild.targets(516,5): warning MSB8004: Intermediate 디렉터리가 슬래시로 끝나지 않습니다. Intermediate 디렉터리의 적절한 평가를 허용하는 데 필요하므로 이 빌드 인스턴스에서 슬래시를 추가합니다.
C:\Program Files\Microsoft Visual Studio\2022\Professional\MSBuild\Microsoft\VC\v170\Microsoft.CppBuild.targets(517,5): warning MSB8004: Output 디렉터리가 슬래시로 끝나지 않습니다. Output 디렉터리의 적절한 평가를 허용하는 데 필요하므로 이 빌드 인스턴스에서 슬래시를 추가합니다.
cl : 명령줄  warning D9035: 'experimental:preprocessor' 옵션은 더 이상 사용되지 않으므로 이후 릴리스에서 제거될 예정입니다.
cl : 명령줄  warning D9036: 'Zc:preprocessor'을(를) 사용하고 'experimental:preprocessor'은(는) 사용하지 마십시오.
  CommMessageHandler.cpp
C:\LIG\nFrameworkv1.8.2\examples\MiniProject_SAMS_OC\src\TCPCommunicationManager\CommMessageHandler.cpp(43,34): warning C4244: '인수': 'unsigned long'에서 'const unsigned short'(으)로 변환하면서 데이터가 손실될 수 있습니다.
C:\Program Files\Microsoft Visual Studio\2022\Professional\VC\Tools\MSVC\14.42.34433\include\utility(292,16): warning C4244: '초기화 중': '_Ty'에서 '_Ty1'(으)로 변환하면서 데이터가 손실될 수 있습니다.
C:\Program Files\Microsoft Visual Studio\2022\Professional\VC\Tools\MSVC\14.42.34433\include\utility(292,16): warning C4244:         with
C:\Program Files\Microsoft Visual Studio\2022\Professional\VC\Tools\MSVC\14.42.34433\include\utility(292,16): warning C4244:         [
C:\Program Files\Microsoft Visual Studio\2022\Professional\VC\Tools\MSVC\14.42.34433\include\utility(292,16): warning C4244:             _Ty=unsigned long
C:\Program Files\Microsoft Visual Studio\2022\Professional\VC\Tools\MSVC\14.42.34433\include\utility(292,16): warning C4244:         ]
C:\Program Files\Microsoft Visual Studio\2022\Professional\VC\Tools\MSVC\14.42.34433\include\utility(292,16): warning C4244:         and
C:\Program Files\Microsoft Visual Studio\2022\Professional\VC\Tools\MSVC\14.42.34433\include\utility(292,16): warning C4244:         [
C:\Program Files\Microsoft Visual Studio\2022\Professional\VC\Tools\MSVC\14.42.34433\include\utility(292,16): warning C4244:             _Ty1=const unsigned short
C:\Program Files\Microsoft Visual Studio\2022\Professional\VC\Tools\MSVC\14.42.34433\include\utility(292,16): warning C4244:         ]
  (소스 파일 'CommMessageHandler.cpp'을(를) 컴파일하는 중)
      C:\Program Files\Microsoft Visual Studio\2022\Professional\VC\Tools\MSVC\14.42.34433\include\utility(292,16):
      템플릿 인스턴스화 컨텍스트(가장 오래된 인스턴스화 컨텍스트)가
          C:\LIG\nFrameworkv1.8.2\examples\MiniProject_SAMS_OC\src\TCPCommunicationManager\CommMessageHandler.cpp(36,14):
          컴파일되는 함수 템플릿 인스턴스화 'std::pair<std::_Tree_iterator<std::_Tree_val<std::_Tree_simple_types<std::pair<const unsigned short,tstring>>>>,bool> std::map<unsigned short,tstring,std::less<unsigned short>,std::allocator<std::pair<const unsigned short,tstring>>>::insert<std::pair<unsigned long,std::wstring>,0>(_Valty &&)'에 대한 참조를 확인하세요.
          with
          [
              _Valty=std::pair<unsigned long,std::wstring>
          ]
              C:\LIG\nFrameworkv1.8.2\examples\MiniProject_SAMS_OC\src\TCPCommunicationManager\CommMessageHandler.cpp(36,20):
              'CommMessageHandler::setIDNameTable'에서 'std::map<unsigned short,tstring,std::less<unsigned short>,std::allocator<std::pair<const unsigned short,tstring>>>::insert'에 대한 첫 번째 참조를 확인하세요.
          C:\Program Files\Microsoft Visual Studio\2022\Professional\VC\Tools\MSVC\14.42.34433\include\map(186,22):
          컴파일되는 함수 템플릿 인스턴스화 'std::pair<std::_Tree_iterator<std::_Tree_val<std::_Tree_simple_types<std::pair<const unsigned short,tstring>>>>,bool> std::_Tree<std::_Tmap_traits<_Kty,_Ty,_Pr,_Alloc,false>>::emplace<std::pair<unsigned long,std::wstring>>(std::pair<unsigned long,std::wstring> &&)'에 대한 참조를 확인하세요.
          with
          [
              _Kty=unsigned short,
              _Ty=tstring,
              _Pr=std::less<unsigned short>,
              _Alloc=std::allocator<std::pair<const unsigned short,tstring>>
          ]
          C:\Program Files\Microsoft Visual Studio\2022\Professional\VC\Tools\MSVC\14.42.34433\include\xtree(1038,30):
          컴파일되는 함수 템플릿 인스턴스화 'std::pair<std::_Tree_node<std::pair<const unsigned short,tstring>,std::_Default_allocator_traits<_Alloc>::void_pointer> *,bool> std::_Tree<std::_Tmap_traits<_Kty,_Ty,_Pr,_Alloc,false>>::_Emplace<std::pair<unsigned long,std::wstring>>(std::pair<unsigned long,std::wstring> &&)'에 대한 참조를 확인하세요.
          with
          [
              _Alloc=std::allocator<std::pair<const unsigned short,tstring>>,
              _Kty=unsigned short,
              _Ty=tstring,
              _Pr=std::less<unsigned short>
          ]
          C:\Program Files\Microsoft Visual Studio\2022\Professional\VC\Tools\MSVC\14.42.34433\include\xtree(1016,46):
          컴파일되는 함수 템플릿 인스턴스화 'std::_Tree_temp_node<std::allocator<std::_Tree_node<std::pair<const unsigned short,tstring>,std::_Default_allocator_traits<_Alloc>::void_pointer>>>::_Tree_temp_node<_Ty>(_Alnode &,std::_Tree_node<std::pair<const unsigned short,tstring>,std::_Default_allocator_traits<_Alloc>::void_pointer> *,_Ty &&)'에 대한 참조를 확인하세요.
          with
          [
              _Alloc=std::allocator<std::pair<const unsigned short,tstring>>,
              _Ty=std::pair<unsigned long,std::wstring>,
              _Alnode=std::allocator<std::_Tree_node<std::pair<const unsigned short,tstring>,std::_Default_allocator_traits<std::allocator<std::pair<const unsigned short,tstring>>>::void_pointer>>
          ]
          C:\Program Files\Microsoft Visual Studio\2022\Professional\VC\Tools\MSVC\14.42.34433\include\xtree(820,25):
          컴파일되는 함수 템플릿 인스턴스화 'void std::_Default_allocator_traits<_Alloc>::construct<_Ty,std::pair<unsigned long,std::wstring>>(_Alloc &,_Objty *const ,std::pair<unsigned long,std::wstring> &&)'에 대한 참조를 확인하세요.
          with
          [
              _Alloc=std::allocator<std::_Tree_node<std::pair<const unsigned short,tstring>,std::_Default_allocator_traits<std::allocator<std::pair<const unsigned short,tstring>>>::void_pointer>>,
              _Ty=std::pair<const unsigned short,tstring>,
              _Objty=std::pair<const unsigned short,tstring>
          ]
          C:\Program Files\Microsoft Visual Studio\2022\Professional\VC\Tools\MSVC\14.42.34433\include\xmemory(698,14):
          컴파일되는 함수 템플릿 인스턴스화 '_Ty *std::construct_at<_Objty,std::pair<unsigned long,std::wstring>>(_Ty *const ,std::pair<unsigned long,std::wstring> &&) noexcept'에 대한 참조를 확인하세요.
          with
          [
              _Ty=std::pair<const unsigned short,tstring>,
              _Objty=std::pair<const unsigned short,tstring>
          ]
          C:\Program Files\Microsoft Visual Studio\2022\Professional\VC\Tools\MSVC\14.42.34433\include\xutility(393,90):
          컴파일되는 함수 템플릿 인스턴스화 'std::pair<const unsigned short,tstring>::pair<unsigned long,std::wstring,0>(std::pair<unsigned long,std::wstring> &&) noexcept'에 대한 참조를 확인하세요.
  
  TCPCommunicationManager.cpp
  Please define _WIN32_WINNT or _WIN32_WINDOWS appropriately. For example:
  - add -D_WIN32_WINNT=0x0601 to the compiler command line; or
  - add _WIN32_WINNT=0x0601 to your project's Preprocessor Definitions.
  Assuming _WIN32_WINNT=0x0601 (i.e. Windows 7 target).
C:\LIG\nFrameworkv1.8.2\include\nFramework\Log4nF\Appender\FileAppender.h(90,38): warning C4275: DLL 인터페이스가 아닌 class 'nframework::log4nf::IAppender'이(가) DLL 인터페이스 class 'nframework::log4nf::FileAppender'의 기본으로 사용되었습니다.
  (소스 파일 '../TCPCommunicationManager/TCPCommunicationManager.cpp'을(를) 컴파일하는 중)
      C:\LIG\nFrameworkv1.8.2\include\nFramework\Log4nF\Appender\IAppender.h(61,8):
      'nframework::log4nf::IAppender' 선언을 참조하십시오.
      C:\LIG\nFrameworkv1.8.2\include\nFramework\Log4nF\Appender\FileAppender.h(90,17):
      'nframework::log4nf::FileAppender' 선언을 참조하십시오.
  
C:\LIG\nFrameworkv1.8.2\include\nFramework\Log4nF\Appender\HTMLFileAppender.h(93,42): warning C4275: DLL 인터페이스가 아닌 class 'nframework::log4nf::IAppender'이(가) DLL 인터페이스 class 'nframework::log4nf::HTMLFileAppender'의 기본으로 사용되었습니다.
  (소스 파일 '../TCPCommunicationManager/TCPCommunicationManager.cpp'을(를) 컴파일하는 중)
      C:\LIG\nFrameworkv1.8.2\include\nFramework\Log4nF\Appender\IAppender.h(61,8):
      'nframework::log4nf::IAppender' 선언을 참조하십시오.
      C:\LIG\nFrameworkv1.8.2\include\nFramework\Log4nF\Appender\HTMLFileAppender.h(93,17):
      'nframework::log4nf::HTMLFileAppender' 선언을 참조하십시오.
  
C:\LIG\nFrameworkv1.8.2\include\nFramework\Log4nF\Logger\Logger.h(211,38): warning C4101: 'e' :참조되지 않은 지역 변수입니다.
  (소스 파일 '../TCPCommunicationManager/TCPCommunicationManager.cpp'을(를) 컴파일하는 중)
  
  코드를 생성하고 있습니다...
C:\Program Files\Microsoft Visual Studio\2022\Professional\MSBuild\Microsoft\VC\v170\Microsoft.CppBuild.targets(1392,5): warning MSB8012: TargetPath(C:\LIG\nFrameworkv1.8.2\examples\MiniProject_SAMS_OC\lib\TCPCommunicationManagerd.dll)이(가) Linker의 OutputFile 속성 값(C:\LIG\nFrameworkv1.8.2\examples\MiniProject_SAMS_OC\bin\TCPCommunicationManager\TCPCommunicationManagerd.dll)과 일치하지 않습니다. 이로 인해 프로젝트가 잘못 빌드될 수 있습니다. 이를 수정하려면 $(OutDir), $(TargetName) 및 $(TargetExt) 속성 값이 %(Link.OutputFile)에 지정된 값과 일치해야 합니다.
CommMessageHandler.obj : warning LNK4075: '/EDITANDCONTINUE'이(가) '/INCREMENTAL:NO' 사양으로 인해 무시됩니다.
     C:\LIG\nFrameworkv1.8.2\examples\MiniProject_SAMS_OC\lib/TCPCommunicationManagerd.lib 라이브러리 및 C:\LIG\nFrameworkv1.8.2\examples\MiniProject_SAMS_OC\lib/TCPCommunicationManagerd.exp 개체를 생성하고 있습니다.
  TCPCommunicationManager.vcxproj -> C:\LIG\nFrameworkv1.8.2\examples\MiniProject_SAMS_OC\lib\TCPCommunicationManagerd.dll
