d:\myprojects\edu\2025\sw입문교육\archive\miniproject_x64_vc143\lib\foomanager.bsc
d:\myprojects\edu\2025\sw입문교육\archive\miniproject_x64_vc143\src\foomanager\debug\vc143.pdb
d:\myprojects\edu\2025\sw입문교육\archive\miniproject_x64_vc143\src\foomanager\debug\vc143.idb
d:\myprojects\edu\2025\sw입문교육\archive\miniproject_x64_vc143\src\foomanager\debug\foomanager.sbr
d:\myprojects\edu\2025\sw입문교육\archive\miniproject_x64_vc143\src\foomanager\debug\foomanager.obj
d:\myprojects\edu\2025\sw입문교육\archive\miniproject_x64_vc143\bin\foomanager\foomanagerd.dll
d:\myprojects\edu\2025\sw입문교육\archive\miniproject_x64_vc143\src\foomanager\debug\foomanagerd.pdb
d:\myprojects\edu\2025\sw입문교육\archive\miniproject_x64_vc143\lib\foomanagerd.lib
d:\myprojects\edu\2025\sw입문교육\archive\miniproject_x64_vc143\lib\foomanagerd.exp
d:\myprojects\edu\2025\sw입문교육\archive\miniproject_x64_vc143\src\foomanager\debug\foomanager.tlog\bscmake.command.1.tlog
d:\myprojects\edu\2025\sw입문교육\archive\miniproject_x64_vc143\src\foomanager\debug\foomanager.tlog\bscmake.read.1.tlog
d:\myprojects\edu\2025\sw입문교육\archive\miniproject_x64_vc143\src\foomanager\debug\foomanager.tlog\bscmake.write.1.tlog
d:\myprojects\edu\2025\sw입문교육\archive\miniproject_x64_vc143\src\foomanager\debug\foomanager.tlog\cl.command.1.tlog
d:\myprojects\edu\2025\sw입문교육\archive\miniproject_x64_vc143\src\foomanager\debug\foomanager.tlog\cl.items.tlog
d:\myprojects\edu\2025\sw입문교육\archive\miniproject_x64_vc143\src\foomanager\debug\foomanager.tlog\cl.read.1.tlog
d:\myprojects\edu\2025\sw입문교육\archive\miniproject_x64_vc143\src\foomanager\debug\foomanager.tlog\cl.write.1.tlog
d:\myprojects\edu\2025\sw입문교육\archive\miniproject_x64_vc143\src\foomanager\debug\foomanager.tlog\link.command.1.tlog
d:\myprojects\edu\2025\sw입문교육\archive\miniproject_x64_vc143\src\foomanager\debug\foomanager.tlog\link.read.1.tlog
d:\myprojects\edu\2025\sw입문교육\archive\miniproject_x64_vc143\src\foomanager\debug\foomanager.tlog\link.secondary.1.tlog
d:\myprojects\edu\2025\sw입문교육\archive\miniproject_x64_vc143\src\foomanager\debug\foomanager.tlog\link.write.1.tlog
