d:\myprojects\edu\2025\sw입문교육\archive\miniproject_x64_vc143\lib\commandmanager.bsc
d:\myprojects\edu\2025\sw입문교육\archive\miniproject_x64_vc143\src\commandmanager\debug\vc143.pdb
d:\myprojects\edu\2025\sw입문교육\archive\miniproject_x64_vc143\src\commandmanager\debug\vc143.idb
d:\myprojects\edu\2025\sw입문교육\archive\miniproject_x64_vc143\src\commandmanager\debug\commandmanager.sbr
d:\myprojects\edu\2025\sw입문교육\archive\miniproject_x64_vc143\src\commandmanager\debug\commandmanager.obj
d:\myprojects\edu\2025\sw입문교육\archive\miniproject_x64_vc143\bin\commandmanager\commandmanagerd.dll
d:\myprojects\edu\2025\sw입문교육\archive\miniproject_x64_vc143\src\commandmanager\debug\commandmanagerd.pdb
d:\myprojects\edu\2025\sw입문교육\archive\miniproject_x64_vc143\lib\commandmanagerd.lib
d:\myprojects\edu\2025\sw입문교육\archive\miniproject_x64_vc143\lib\commandmanagerd.exp
d:\myprojects\edu\2025\sw입문교육\archive\miniproject_x64_vc143\src\commandmanager\debug\commandmanager.tlog\bscmake.command.1.tlog
d:\myprojects\edu\2025\sw입문교육\archive\miniproject_x64_vc143\src\commandmanager\debug\commandmanager.tlog\bscmake.read.1.tlog
d:\myprojects\edu\2025\sw입문교육\archive\miniproject_x64_vc143\src\commandmanager\debug\commandmanager.tlog\bscmake.write.1.tlog
d:\myprojects\edu\2025\sw입문교육\archive\miniproject_x64_vc143\src\commandmanager\debug\commandmanager.tlog\cl.command.1.tlog
d:\myprojects\edu\2025\sw입문교육\archive\miniproject_x64_vc143\src\commandmanager\debug\commandmanager.tlog\cl.items.tlog
d:\myprojects\edu\2025\sw입문교육\archive\miniproject_x64_vc143\src\commandmanager\debug\commandmanager.tlog\cl.read.1.tlog
d:\myprojects\edu\2025\sw입문교육\archive\miniproject_x64_vc143\src\commandmanager\debug\commandmanager.tlog\cl.write.1.tlog
d:\myprojects\edu\2025\sw입문교육\archive\miniproject_x64_vc143\src\commandmanager\debug\commandmanager.tlog\link.command.1.tlog
d:\myprojects\edu\2025\sw입문교육\archive\miniproject_x64_vc143\src\commandmanager\debug\commandmanager.tlog\link.read.1.tlog
d:\myprojects\edu\2025\sw입문교육\archive\miniproject_x64_vc143\src\commandmanager\debug\commandmanager.tlog\link.secondary.1.tlog
d:\myprojects\edu\2025\sw입문교육\archive\miniproject_x64_vc143\src\commandmanager\debug\commandmanager.tlog\link.write.1.tlog
