C:\Program Files\Microsoft Visual Studio\2022\Professional\MSBuild\Microsoft\VC\v170\Microsoft.CppBuild.targets(516,5): warning MSB8004: Intermediate 디렉터리가 슬래시로 끝나지 않습니다. Intermediate 디렉터리의 적절한 평가를 허용하는 데 필요하므로 이 빌드 인스턴스에서 슬래시를 추가합니다.
C:\Program Files\Microsoft Visual Studio\2022\Professional\MSBuild\Microsoft\VC\v170\Microsoft.CppBuild.targets(517,5): warning MSB8004: Output 디렉터리가 슬래시로 끝나지 않습니다. Output 디렉터리의 적절한 평가를 허용하는 데 필요하므로 이 빌드 인스턴스에서 슬래시를 추가합니다.
  ATSMessageProcessor.cpp
C:\LIG\nFrameworkv1.8.2\examples\MiniProject_SAMS_OC\src\UIManager\ATSMessageProcessor.h(1,1): warning C4828: 파일에 0xdb 오프셋에서 시작하는 문자가 포함되어 있습니다. 이 문자는 현재 원본 문자 집합에서 잘못된 문자입니다(코드 페이지 65001).
  (소스 파일 'ATSMessageProcessor.cpp'을(를) 컴파일하는 중)
  
C:\LIG\nFrameworkv1.8.2\examples\MiniProject_SAMS_OC\src\UIManager\ATSMessageProcessor.h(1,1): warning C4828: 파일에 0xdc 오프셋에서 시작하는 문자가 포함되어 있습니다. 이 문자는 현재 원본 문자 집합에서 잘못된 문자입니다(코드 페이지 65001).
  (소스 파일 'ATSMessageProcessor.cpp'을(를) 컴파일하는 중)
  
C:\LIG\nFrameworkv1.8.2\examples\MiniProject_SAMS_OC\src\UIManager\ATSMessageProcessor.h(1,1): warning C4828: 파일에 0xdd 오프셋에서 시작하는 문자가 포함되어 있습니다. 이 문자는 현재 원본 문자 집합에서 잘못된 문자입니다(코드 페이지 65001).
  (소스 파일 'ATSMessageProcessor.cpp'을(를) 컴파일하는 중)
  
C:\LIG\nFrameworkv1.8.2\examples\MiniProject_SAMS_OC\src\UIManager\IMessageProcessor.h(1,1): warning C4828: 파일에 0x58 오프셋에서 시작하는 문자가 포함되어 있습니다. 이 문자는 현재 원본 문자 집합에서 잘못된 문자입니다(코드 페이지 65001).
  (소스 파일 'ATSMessageProcessor.cpp'을(를) 컴파일하는 중)
  
C:\LIG\nFrameworkv1.8.2\examples\MiniProject_SAMS_OC\src\UIManager\IMessageProcessor.h(1,1): warning C4828: 파일에 0x59 오프셋에서 시작하는 문자가 포함되어 있습니다. 이 문자는 현재 원본 문자 집합에서 잘못된 문자입니다(코드 페이지 65001).
  (소스 파일 'ATSMessageProcessor.cpp'을(를) 컴파일하는 중)
  
C:\LIG\nFrameworkv1.8.2\examples\MiniProject_SAMS_OC\src\UIManager\IMessageProcessor.h(1,1): warning C4828: 파일에 0x5b 오프셋에서 시작하는 문자가 포함되어 있습니다. 이 문자는 현재 원본 문자 집합에서 잘못된 문자입니다(코드 페이지 65001).
  (소스 파일 'ATSMessageProcessor.cpp'을(를) 컴파일하는 중)
  
C:\LIG\nFrameworkv1.8.2\examples\MiniProject_SAMS_OC\src\UIManager\IMessageProcessor.h(1,1): warning C4828: 파일에 0x5d 오프셋에서 시작하는 문자가 포함되어 있습니다. 이 문자는 현재 원본 문자 집합에서 잘못된 문자입니다(코드 페이지 65001).
  (소스 파일 'ATSMessageProcessor.cpp'을(를) 컴파일하는 중)
  
C:\LIG\nFrameworkv1.8.2\examples\MiniProject_SAMS_OC\src\UIManager\IMessageProcessor.h(1,1): warning C4828: 파일에 0x60 오프셋에서 시작하는 문자가 포함되어 있습니다. 이 문자는 현재 원본 문자 집합에서 잘못된 문자입니다(코드 페이지 65001).
  (소스 파일 'ATSMessageProcessor.cpp'을(를) 컴파일하는 중)
  
C:\LIG\nFrameworkv1.8.2\examples\MiniProject_SAMS_OC\src\UIManager\IMessageProcessor.h(1,1): warning C4828: 파일에 0x61 오프셋에서 시작하는 문자가 포함되어 있습니다. 이 문자는 현재 원본 문자 집합에서 잘못된 문자입니다(코드 페이지 65001).
  (소스 파일 'ATSMessageProcessor.cpp'을(를) 컴파일하는 중)
  
C:\LIG\nFrameworkv1.8.2\examples\MiniProject_SAMS_OC\src\UIManager\IMessageProcessor.h(1,1): warning C4828: 파일에 0x62 오프셋에서 시작하는 문자가 포함되어 있습니다. 이 문자는 현재 원본 문자 집합에서 잘못된 문자입니다(코드 페이지 65001).
  (소스 파일 'ATSMessageProcessor.cpp'을(를) 컴파일하는 중)
  
C:\LIG\nFrameworkv1.8.2\examples\MiniProject_SAMS_OC\src\UIManager\IMessageProcessor.h(1,1): warning C4828: 파일에 0x65 오프셋에서 시작하는 문자가 포함되어 있습니다. 이 문자는 현재 원본 문자 집합에서 잘못된 문자입니다(코드 페이지 65001).
  (소스 파일 'ATSMessageProcessor.cpp'을(를) 컴파일하는 중)
  
C:\LIG\nFrameworkv1.8.2\examples\MiniProject_SAMS_OC\src\UIManager\IMessageProcessor.h(1,1): warning C4828: 파일에 0x68 오프셋에서 시작하는 문자가 포함되어 있습니다. 이 문자는 현재 원본 문자 집합에서 잘못된 문자입니다(코드 페이지 65001).
  (소스 파일 'ATSMessageProcessor.cpp'을(를) 컴파일하는 중)
  
C:\LIG\nFrameworkv1.8.2\examples\MiniProject_SAMS_OC\src\UIManager\IMessageProcessor.h(1,1): warning C4828: 파일에 0x69 오프셋에서 시작하는 문자가 포함되어 있습니다. 이 문자는 현재 원본 문자 집합에서 잘못된 문자입니다(코드 페이지 65001).
  (소스 파일 'ATSMessageProcessor.cpp'을(를) 컴파일하는 중)
  
C:\LIG\nFrameworkv1.8.2\examples\MiniProject_SAMS_OC\src\UIManager\IMessageProcessor.h(1,1): warning C4828: 파일에 0x6a 오프셋에서 시작하는 문자가 포함되어 있습니다. 이 문자는 현재 원본 문자 집합에서 잘못된 문자입니다(코드 페이지 65001).
  (소스 파일 'ATSMessageProcessor.cpp'을(를) 컴파일하는 중)
  
C:\LIG\nFrameworkv1.8.2\examples\MiniProject_SAMS_OC\src\UIManager\IMessageProcessor.h(1,1): warning C4828: 파일에 0x6b 오프셋에서 시작하는 문자가 포함되어 있습니다. 이 문자는 현재 원본 문자 집합에서 잘못된 문자입니다(코드 페이지 65001).
  (소스 파일 'ATSMessageProcessor.cpp'을(를) 컴파일하는 중)
  
C:\LIG\nFrameworkv1.8.2\examples\MiniProject_SAMS_OC\src\UIManager\IMessageProcessor.h(1,1): warning C4828: 파일에 0x6c 오프셋에서 시작하는 문자가 포함되어 있습니다. 이 문자는 현재 원본 문자 집합에서 잘못된 문자입니다(코드 페이지 65001).
  (소스 파일 'ATSMessageProcessor.cpp'을(를) 컴파일하는 중)
  
C:\LIG\nFrameworkv1.8.2\examples\MiniProject_SAMS_OC\src\UIManager\IMessageProcessor.h(1,1): warning C4828: 파일에 0x75 오프셋에서 시작하는 문자가 포함되어 있습니다. 이 문자는 현재 원본 문자 집합에서 잘못된 문자입니다(코드 페이지 65001).
  (소스 파일 'ATSMessageProcessor.cpp'을(를) 컴파일하는 중)
  
C:\LIG\nFrameworkv1.8.2\examples\MiniProject_SAMS_OC\src\UIManager\IMessageProcessor.h(1,1): warning C4828: 파일에 0x76 오프셋에서 시작하는 문자가 포함되어 있습니다. 이 문자는 현재 원본 문자 집합에서 잘못된 문자입니다(코드 페이지 65001).
  (소스 파일 'ATSMessageProcessor.cpp'을(를) 컴파일하는 중)
  
C:\LIG\nFrameworkv1.8.2\examples\MiniProject_SAMS_OC\src\UIManager\IMessageProcessor.h(1,1): warning C4828: 파일에 0x78 오프셋에서 시작하는 문자가 포함되어 있습니다. 이 문자는 현재 원본 문자 집합에서 잘못된 문자입니다(코드 페이지 65001).
  (소스 파일 'ATSMessageProcessor.cpp'을(를) 컴파일하는 중)
  
C:\LIG\nFrameworkv1.8.2\examples\MiniProject_SAMS_OC\src\UIManager\IMessageProcessor.h(1,1): warning C4828: 파일에 0x79 오프셋에서 시작하는 문자가 포함되어 있습니다. 이 문자는 현재 원본 문자 집합에서 잘못된 문자입니다(코드 페이지 65001).
  (소스 파일 'ATSMessageProcessor.cpp'을(를) 컴파일하는 중)
  
C:\LIG\nFrameworkv1.8.2\examples\MiniProject_SAMS_OC\src\UIManager\IMessageProcessor.h(1,1): warning C4828: 파일에 0x7b 오프셋에서 시작하는 문자가 포함되어 있습니다. 이 문자는 현재 원본 문자 집합에서 잘못된 문자입니다(코드 페이지 65001).
  (소스 파일 'ATSMessageProcessor.cpp'을(를) 컴파일하는 중)
  
C:\LIG\nFrameworkv1.8.2\examples\MiniProject_SAMS_OC\src\UIManager\IMessageProcessor.h(1,1): warning C4828: 파일에 0x7e 오프셋에서 시작하는 문자가 포함되어 있습니다. 이 문자는 현재 원본 문자 집합에서 잘못된 문자입니다(코드 페이지 65001).
  (소스 파일 'ATSMessageProcessor.cpp'을(를) 컴파일하는 중)
  
C:\LIG\nFrameworkv1.8.2\examples\MiniProject_SAMS_OC\src\UIManager\IMessageProcessor.h(1,1): warning C4828: 파일에 0x7f 오프셋에서 시작하는 문자가 포함되어 있습니다. 이 문자는 현재 원본 문자 집합에서 잘못된 문자입니다(코드 페이지 65001).
  (소스 파일 'ATSMessageProcessor.cpp'을(를) 컴파일하는 중)
  
C:\LIG\nFrameworkv1.8.2\examples\MiniProject_SAMS_OC\src\UIManager\IMessageProcessor.h(1,1): warning C4828: 파일에 0x83 오프셋에서 시작하는 문자가 포함되어 있습니다. 이 문자는 현재 원본 문자 집합에서 잘못된 문자입니다(코드 페이지 65001).
  (소스 파일 'ATSMessageProcessor.cpp'을(를) 컴파일하는 중)
  
C:\LIG\nFrameworkv1.8.2\examples\MiniProject_SAMS_OC\src\UIManager\IMessageProcessor.h(1,1): warning C4828: 파일에 0x84 오프셋에서 시작하는 문자가 포함되어 있습니다. 이 문자는 현재 원본 문자 집합에서 잘못된 문자입니다(코드 페이지 65001).
  (소스 파일 'ATSMessageProcessor.cpp'을(를) 컴파일하는 중)
  
C:\LIG\nFrameworkv1.8.2\examples\MiniProject_SAMS_OC\src\UIManager\IMessageProcessor.h(1,1): warning C4828: 파일에 0x86 오프셋에서 시작하는 문자가 포함되어 있습니다. 이 문자는 현재 원본 문자 집합에서 잘못된 문자입니다(코드 페이지 65001).
  (소스 파일 'ATSMessageProcessor.cpp'을(를) 컴파일하는 중)
  
C:\LIG\nFrameworkv1.8.2\examples\MiniProject_SAMS_OC\src\UIManager\IMessageProcessor.h(1,1): warning C4828: 파일에 0x8a 오프셋에서 시작하는 문자가 포함되어 있습니다. 이 문자는 현재 원본 문자 집합에서 잘못된 문자입니다(코드 페이지 65001).
  (소스 파일 'ATSMessageProcessor.cpp'을(를) 컴파일하는 중)
  
C:\LIG\nFrameworkv1.8.2\examples\MiniProject_SAMS_OC\src\UIManager\IMessageProcessor.h(1,1): warning C4828: 파일에 0x8b 오프셋에서 시작하는 문자가 포함되어 있습니다. 이 문자는 현재 원본 문자 집합에서 잘못된 문자입니다(코드 페이지 65001).
  (소스 파일 'ATSMessageProcessor.cpp'을(를) 컴파일하는 중)
  
C:\LIG\nFrameworkv1.8.2\examples\MiniProject_SAMS_OC\src\UIManager\IMessageProcessor.h(1,1): warning C4828: 파일에 0x8c 오프셋에서 시작하는 문자가 포함되어 있습니다. 이 문자는 현재 원본 문자 집합에서 잘못된 문자입니다(코드 페이지 65001).
  (소스 파일 'ATSMessageProcessor.cpp'을(를) 컴파일하는 중)
  
C:\LIG\nFrameworkv1.8.2\examples\MiniProject_SAMS_OC\src\UIManager\IMessageProcessor.h(1,1): warning C4828: 파일에 0x8d 오프셋에서 시작하는 문자가 포함되어 있습니다. 이 문자는 현재 원본 문자 집합에서 잘못된 문자입니다(코드 페이지 65001).
  (소스 파일 'ATSMessageProcessor.cpp'을(를) 컴파일하는 중)
  
C:\LIG\nFrameworkv1.8.2\examples\MiniProject_SAMS_OC\src\UIManager\IMessageProcessor.h(1,1): warning C4828: 파일에 0x8e 오프셋에서 시작하는 문자가 포함되어 있습니다. 이 문자는 현재 원본 문자 집합에서 잘못된 문자입니다(코드 페이지 65001).
  (소스 파일 'ATSMessageProcessor.cpp'을(를) 컴파일하는 중)
  
C:\LIG\nFrameworkv1.8.2\examples\MiniProject_SAMS_OC\src\UIManager\IMessageProcessor.h(1,1): warning C4828: 파일에 0x8f 오프셋에서 시작하는 문자가 포함되어 있습니다. 이 문자는 현재 원본 문자 집합에서 잘못된 문자입니다(코드 페이지 65001).
  (소스 파일 'ATSMessageProcessor.cpp'을(를) 컴파일하는 중)
  
C:\LIG\nFrameworkv1.8.2\examples\MiniProject_SAMS_OC\src\UIManager\IMessageProcessor.h(1,1): warning C4828: 파일에 0x91 오프셋에서 시작하는 문자가 포함되어 있습니다. 이 문자는 현재 원본 문자 집합에서 잘못된 문자입니다(코드 페이지 65001).
  (소스 파일 'ATSMessageProcessor.cpp'을(를) 컴파일하는 중)
  
C:\LIG\nFrameworkv1.8.2\examples\MiniProject_SAMS_OC\src\UIManager\IMessageProcessor.h(1,1): warning C4828: 파일에 0x92 오프셋에서 시작하는 문자가 포함되어 있습니다. 이 문자는 현재 원본 문자 집합에서 잘못된 문자입니다(코드 페이지 65001).
  (소스 파일 'ATSMessageProcessor.cpp'을(를) 컴파일하는 중)
  
C:\LIG\nFrameworkv1.8.2\examples\MiniProject_SAMS_OC\src\UIManager\IMessageProcessor.h(1,1): warning C4828: 파일에 0x98 오프셋에서 시작하는 문자가 포함되어 있습니다. 이 문자는 현재 원본 문자 집합에서 잘못된 문자입니다(코드 페이지 65001).
  (소스 파일 'ATSMessageProcessor.cpp'을(를) 컴파일하는 중)
  
  IMessageProcessor.cpp
C:\LIG\nFrameworkv1.8.2\examples\MiniProject_SAMS_OC\src\UIManager\IMessageProcessor.h(1,1): warning C4828: 파일에 0x58 오프셋에서 시작하는 문자가 포함되어 있습니다. 이 문자는 현재 원본 문자 집합에서 잘못된 문자입니다(코드 페이지 65001).
  (소스 파일 'IMessageProcessor.cpp'을(를) 컴파일하는 중)
  
C:\LIG\nFrameworkv1.8.2\examples\MiniProject_SAMS_OC\src\UIManager\IMessageProcessor.h(1,1): warning C4828: 파일에 0x59 오프셋에서 시작하는 문자가 포함되어 있습니다. 이 문자는 현재 원본 문자 집합에서 잘못된 문자입니다(코드 페이지 65001).
  (소스 파일 'IMessageProcessor.cpp'을(를) 컴파일하는 중)
  
C:\LIG\nFrameworkv1.8.2\examples\MiniProject_SAMS_OC\src\UIManager\IMessageProcessor.h(1,1): warning C4828: 파일에 0x5b 오프셋에서 시작하는 문자가 포함되어 있습니다. 이 문자는 현재 원본 문자 집합에서 잘못된 문자입니다(코드 페이지 65001).
  (소스 파일 'IMessageProcessor.cpp'을(를) 컴파일하는 중)
  
C:\LIG\nFrameworkv1.8.2\examples\MiniProject_SAMS_OC\src\UIManager\IMessageProcessor.h(1,1): warning C4828: 파일에 0x5d 오프셋에서 시작하는 문자가 포함되어 있습니다. 이 문자는 현재 원본 문자 집합에서 잘못된 문자입니다(코드 페이지 65001).
  (소스 파일 'IMessageProcessor.cpp'을(를) 컴파일하는 중)
  
C:\LIG\nFrameworkv1.8.2\examples\MiniProject_SAMS_OC\src\UIManager\IMessageProcessor.h(1,1): warning C4828: 파일에 0x60 오프셋에서 시작하는 문자가 포함되어 있습니다. 이 문자는 현재 원본 문자 집합에서 잘못된 문자입니다(코드 페이지 65001).
  (소스 파일 'IMessageProcessor.cpp'을(를) 컴파일하는 중)
  
C:\LIG\nFrameworkv1.8.2\examples\MiniProject_SAMS_OC\src\UIManager\IMessageProcessor.h(1,1): warning C4828: 파일에 0x61 오프셋에서 시작하는 문자가 포함되어 있습니다. 이 문자는 현재 원본 문자 집합에서 잘못된 문자입니다(코드 페이지 65001).
  (소스 파일 'IMessageProcessor.cpp'을(를) 컴파일하는 중)
  
C:\LIG\nFrameworkv1.8.2\examples\MiniProject_SAMS_OC\src\UIManager\IMessageProcessor.h(1,1): warning C4828: 파일에 0x62 오프셋에서 시작하는 문자가 포함되어 있습니다. 이 문자는 현재 원본 문자 집합에서 잘못된 문자입니다(코드 페이지 65001).
  (소스 파일 'IMessageProcessor.cpp'을(를) 컴파일하는 중)
  
C:\LIG\nFrameworkv1.8.2\examples\MiniProject_SAMS_OC\src\UIManager\IMessageProcessor.h(1,1): warning C4828: 파일에 0x65 오프셋에서 시작하는 문자가 포함되어 있습니다. 이 문자는 현재 원본 문자 집합에서 잘못된 문자입니다(코드 페이지 65001).
  (소스 파일 'IMessageProcessor.cpp'을(를) 컴파일하는 중)
  
C:\LIG\nFrameworkv1.8.2\examples\MiniProject_SAMS_OC\src\UIManager\IMessageProcessor.h(1,1): warning C4828: 파일에 0x68 오프셋에서 시작하는 문자가 포함되어 있습니다. 이 문자는 현재 원본 문자 집합에서 잘못된 문자입니다(코드 페이지 65001).
  (소스 파일 'IMessageProcessor.cpp'을(를) 컴파일하는 중)
  
C:\LIG\nFrameworkv1.8.2\examples\MiniProject_SAMS_OC\src\UIManager\IMessageProcessor.h(1,1): warning C4828: 파일에 0x69 오프셋에서 시작하는 문자가 포함되어 있습니다. 이 문자는 현재 원본 문자 집합에서 잘못된 문자입니다(코드 페이지 65001).
  (소스 파일 'IMessageProcessor.cpp'을(를) 컴파일하는 중)
  
C:\LIG\nFrameworkv1.8.2\examples\MiniProject_SAMS_OC\src\UIManager\IMessageProcessor.h(1,1): warning C4828: 파일에 0x6a 오프셋에서 시작하는 문자가 포함되어 있습니다. 이 문자는 현재 원본 문자 집합에서 잘못된 문자입니다(코드 페이지 65001).
  (소스 파일 'IMessageProcessor.cpp'을(를) 컴파일하는 중)
  
C:\LIG\nFrameworkv1.8.2\examples\MiniProject_SAMS_OC\src\UIManager\IMessageProcessor.h(1,1): warning C4828: 파일에 0x6b 오프셋에서 시작하는 문자가 포함되어 있습니다. 이 문자는 현재 원본 문자 집합에서 잘못된 문자입니다(코드 페이지 65001).
  (소스 파일 'IMessageProcessor.cpp'을(를) 컴파일하는 중)
  
C:\LIG\nFrameworkv1.8.2\examples\MiniProject_SAMS_OC\src\UIManager\IMessageProcessor.h(1,1): warning C4828: 파일에 0x6c 오프셋에서 시작하는 문자가 포함되어 있습니다. 이 문자는 현재 원본 문자 집합에서 잘못된 문자입니다(코드 페이지 65001).
  (소스 파일 'IMessageProcessor.cpp'을(를) 컴파일하는 중)
  
C:\LIG\nFrameworkv1.8.2\examples\MiniProject_SAMS_OC\src\UIManager\IMessageProcessor.h(1,1): warning C4828: 파일에 0x75 오프셋에서 시작하는 문자가 포함되어 있습니다. 이 문자는 현재 원본 문자 집합에서 잘못된 문자입니다(코드 페이지 65001).
  (소스 파일 'IMessageProcessor.cpp'을(를) 컴파일하는 중)
  
C:\LIG\nFrameworkv1.8.2\examples\MiniProject_SAMS_OC\src\UIManager\IMessageProcessor.h(1,1): warning C4828: 파일에 0x76 오프셋에서 시작하는 문자가 포함되어 있습니다. 이 문자는 현재 원본 문자 집합에서 잘못된 문자입니다(코드 페이지 65001).
  (소스 파일 'IMessageProcessor.cpp'을(를) 컴파일하는 중)
  
C:\LIG\nFrameworkv1.8.2\examples\MiniProject_SAMS_OC\src\UIManager\IMessageProcessor.h(1,1): warning C4828: 파일에 0x78 오프셋에서 시작하는 문자가 포함되어 있습니다. 이 문자는 현재 원본 문자 집합에서 잘못된 문자입니다(코드 페이지 65001).
  (소스 파일 'IMessageProcessor.cpp'을(를) 컴파일하는 중)
  
C:\LIG\nFrameworkv1.8.2\examples\MiniProject_SAMS_OC\src\UIManager\IMessageProcessor.h(1,1): warning C4828: 파일에 0x79 오프셋에서 시작하는 문자가 포함되어 있습니다. 이 문자는 현재 원본 문자 집합에서 잘못된 문자입니다(코드 페이지 65001).
  (소스 파일 'IMessageProcessor.cpp'을(를) 컴파일하는 중)
  
C:\LIG\nFrameworkv1.8.2\examples\MiniProject_SAMS_OC\src\UIManager\IMessageProcessor.h(1,1): warning C4828: 파일에 0x7b 오프셋에서 시작하는 문자가 포함되어 있습니다. 이 문자는 현재 원본 문자 집합에서 잘못된 문자입니다(코드 페이지 65001).
  (소스 파일 'IMessageProcessor.cpp'을(를) 컴파일하는 중)
  
C:\LIG\nFrameworkv1.8.2\examples\MiniProject_SAMS_OC\src\UIManager\IMessageProcessor.h(1,1): warning C4828: 파일에 0x7e 오프셋에서 시작하는 문자가 포함되어 있습니다. 이 문자는 현재 원본 문자 집합에서 잘못된 문자입니다(코드 페이지 65001).
  (소스 파일 'IMessageProcessor.cpp'을(를) 컴파일하는 중)
  
C:\LIG\nFrameworkv1.8.2\examples\MiniProject_SAMS_OC\src\UIManager\IMessageProcessor.h(1,1): warning C4828: 파일에 0x7f 오프셋에서 시작하는 문자가 포함되어 있습니다. 이 문자는 현재 원본 문자 집합에서 잘못된 문자입니다(코드 페이지 65001).
  (소스 파일 'IMessageProcessor.cpp'을(를) 컴파일하는 중)
  
C:\LIG\nFrameworkv1.8.2\examples\MiniProject_SAMS_OC\src\UIManager\IMessageProcessor.h(1,1): warning C4828: 파일에 0x83 오프셋에서 시작하는 문자가 포함되어 있습니다. 이 문자는 현재 원본 문자 집합에서 잘못된 문자입니다(코드 페이지 65001).
  (소스 파일 'IMessageProcessor.cpp'을(를) 컴파일하는 중)
  
C:\LIG\nFrameworkv1.8.2\examples\MiniProject_SAMS_OC\src\UIManager\IMessageProcessor.h(1,1): warning C4828: 파일에 0x84 오프셋에서 시작하는 문자가 포함되어 있습니다. 이 문자는 현재 원본 문자 집합에서 잘못된 문자입니다(코드 페이지 65001).
  (소스 파일 'IMessageProcessor.cpp'을(를) 컴파일하는 중)
  
C:\LIG\nFrameworkv1.8.2\examples\MiniProject_SAMS_OC\src\UIManager\IMessageProcessor.h(1,1): warning C4828: 파일에 0x86 오프셋에서 시작하는 문자가 포함되어 있습니다. 이 문자는 현재 원본 문자 집합에서 잘못된 문자입니다(코드 페이지 65001).
  (소스 파일 'IMessageProcessor.cpp'을(를) 컴파일하는 중)
  
C:\LIG\nFrameworkv1.8.2\examples\MiniProject_SAMS_OC\src\UIManager\IMessageProcessor.h(1,1): warning C4828: 파일에 0x8a 오프셋에서 시작하는 문자가 포함되어 있습니다. 이 문자는 현재 원본 문자 집합에서 잘못된 문자입니다(코드 페이지 65001).
  (소스 파일 'IMessageProcessor.cpp'을(를) 컴파일하는 중)
  
C:\LIG\nFrameworkv1.8.2\examples\MiniProject_SAMS_OC\src\UIManager\IMessageProcessor.h(1,1): warning C4828: 파일에 0x8b 오프셋에서 시작하는 문자가 포함되어 있습니다. 이 문자는 현재 원본 문자 집합에서 잘못된 문자입니다(코드 페이지 65001).
  (소스 파일 'IMessageProcessor.cpp'을(를) 컴파일하는 중)
  
C:\LIG\nFrameworkv1.8.2\examples\MiniProject_SAMS_OC\src\UIManager\IMessageProcessor.h(1,1): warning C4828: 파일에 0x8c 오프셋에서 시작하는 문자가 포함되어 있습니다. 이 문자는 현재 원본 문자 집합에서 잘못된 문자입니다(코드 페이지 65001).
  (소스 파일 'IMessageProcessor.cpp'을(를) 컴파일하는 중)
  
C:\LIG\nFrameworkv1.8.2\examples\MiniProject_SAMS_OC\src\UIManager\IMessageProcessor.h(1,1): warning C4828: 파일에 0x8d 오프셋에서 시작하는 문자가 포함되어 있습니다. 이 문자는 현재 원본 문자 집합에서 잘못된 문자입니다(코드 페이지 65001).
  (소스 파일 'IMessageProcessor.cpp'을(를) 컴파일하는 중)
  
C:\LIG\nFrameworkv1.8.2\examples\MiniProject_SAMS_OC\src\UIManager\IMessageProcessor.h(1,1): warning C4828: 파일에 0x8e 오프셋에서 시작하는 문자가 포함되어 있습니다. 이 문자는 현재 원본 문자 집합에서 잘못된 문자입니다(코드 페이지 65001).
  (소스 파일 'IMessageProcessor.cpp'을(를) 컴파일하는 중)
  
C:\LIG\nFrameworkv1.8.2\examples\MiniProject_SAMS_OC\src\UIManager\IMessageProcessor.h(1,1): warning C4828: 파일에 0x8f 오프셋에서 시작하는 문자가 포함되어 있습니다. 이 문자는 현재 원본 문자 집합에서 잘못된 문자입니다(코드 페이지 65001).
  (소스 파일 'IMessageProcessor.cpp'을(를) 컴파일하는 중)
  
C:\LIG\nFrameworkv1.8.2\examples\MiniProject_SAMS_OC\src\UIManager\IMessageProcessor.h(1,1): warning C4828: 파일에 0x91 오프셋에서 시작하는 문자가 포함되어 있습니다. 이 문자는 현재 원본 문자 집합에서 잘못된 문자입니다(코드 페이지 65001).
  (소스 파일 'IMessageProcessor.cpp'을(를) 컴파일하는 중)
  
C:\LIG\nFrameworkv1.8.2\examples\MiniProject_SAMS_OC\src\UIManager\IMessageProcessor.h(1,1): warning C4828: 파일에 0x92 오프셋에서 시작하는 문자가 포함되어 있습니다. 이 문자는 현재 원본 문자 집합에서 잘못된 문자입니다(코드 페이지 65001).
  (소스 파일 'IMessageProcessor.cpp'을(를) 컴파일하는 중)
  
C:\LIG\nFrameworkv1.8.2\examples\MiniProject_SAMS_OC\src\UIManager\IMessageProcessor.h(1,1): warning C4828: 파일에 0x98 오프셋에서 시작하는 문자가 포함되어 있습니다. 이 문자는 현재 원본 문자 집합에서 잘못된 문자입니다(코드 페이지 65001).
  (소스 파일 'IMessageProcessor.cpp'을(를) 컴파일하는 중)
  
  NOMMessageHandler.cpp
C:\LIG\nFrameworkv1.8.2\examples\MiniProject_SAMS_OC\src\UIManager\IMessageProcessor.h(1,1): warning C4828: 파일에 0x58 오프셋에서 시작하는 문자가 포함되어 있습니다. 이 문자는 현재 원본 문자 집합에서 잘못된 문자입니다(코드 페이지 65001).
  (소스 파일 'NOMMessageHandler.cpp'을(를) 컴파일하는 중)
  
C:\LIG\nFrameworkv1.8.2\examples\MiniProject_SAMS_OC\src\UIManager\IMessageProcessor.h(1,1): warning C4828: 파일에 0x59 오프셋에서 시작하는 문자가 포함되어 있습니다. 이 문자는 현재 원본 문자 집합에서 잘못된 문자입니다(코드 페이지 65001).
  (소스 파일 'NOMMessageHandler.cpp'을(를) 컴파일하는 중)
  
C:\LIG\nFrameworkv1.8.2\examples\MiniProject_SAMS_OC\src\UIManager\IMessageProcessor.h(1,1): warning C4828: 파일에 0x5b 오프셋에서 시작하는 문자가 포함되어 있습니다. 이 문자는 현재 원본 문자 집합에서 잘못된 문자입니다(코드 페이지 65001).
  (소스 파일 'NOMMessageHandler.cpp'을(를) 컴파일하는 중)
  
C:\LIG\nFrameworkv1.8.2\examples\MiniProject_SAMS_OC\src\UIManager\IMessageProcessor.h(1,1): warning C4828: 파일에 0x5d 오프셋에서 시작하는 문자가 포함되어 있습니다. 이 문자는 현재 원본 문자 집합에서 잘못된 문자입니다(코드 페이지 65001).
  (소스 파일 'NOMMessageHandler.cpp'을(를) 컴파일하는 중)
  
C:\LIG\nFrameworkv1.8.2\examples\MiniProject_SAMS_OC\src\UIManager\IMessageProcessor.h(1,1): warning C4828: 파일에 0x60 오프셋에서 시작하는 문자가 포함되어 있습니다. 이 문자는 현재 원본 문자 집합에서 잘못된 문자입니다(코드 페이지 65001).
  (소스 파일 'NOMMessageHandler.cpp'을(를) 컴파일하는 중)
  
C:\LIG\nFrameworkv1.8.2\examples\MiniProject_SAMS_OC\src\UIManager\IMessageProcessor.h(1,1): warning C4828: 파일에 0x61 오프셋에서 시작하는 문자가 포함되어 있습니다. 이 문자는 현재 원본 문자 집합에서 잘못된 문자입니다(코드 페이지 65001).
  (소스 파일 'NOMMessageHandler.cpp'을(를) 컴파일하는 중)
  
C:\LIG\nFrameworkv1.8.2\examples\MiniProject_SAMS_OC\src\UIManager\IMessageProcessor.h(1,1): warning C4828: 파일에 0x62 오프셋에서 시작하는 문자가 포함되어 있습니다. 이 문자는 현재 원본 문자 집합에서 잘못된 문자입니다(코드 페이지 65001).
  (소스 파일 'NOMMessageHandler.cpp'을(를) 컴파일하는 중)
  
C:\LIG\nFrameworkv1.8.2\examples\MiniProject_SAMS_OC\src\UIManager\IMessageProcessor.h(1,1): warning C4828: 파일에 0x65 오프셋에서 시작하는 문자가 포함되어 있습니다. 이 문자는 현재 원본 문자 집합에서 잘못된 문자입니다(코드 페이지 65001).
  (소스 파일 'NOMMessageHandler.cpp'을(를) 컴파일하는 중)
  
C:\LIG\nFrameworkv1.8.2\examples\MiniProject_SAMS_OC\src\UIManager\IMessageProcessor.h(1,1): warning C4828: 파일에 0x68 오프셋에서 시작하는 문자가 포함되어 있습니다. 이 문자는 현재 원본 문자 집합에서 잘못된 문자입니다(코드 페이지 65001).
  (소스 파일 'NOMMessageHandler.cpp'을(를) 컴파일하는 중)
  
C:\LIG\nFrameworkv1.8.2\examples\MiniProject_SAMS_OC\src\UIManager\IMessageProcessor.h(1,1): warning C4828: 파일에 0x69 오프셋에서 시작하는 문자가 포함되어 있습니다. 이 문자는 현재 원본 문자 집합에서 잘못된 문자입니다(코드 페이지 65001).
  (소스 파일 'NOMMessageHandler.cpp'을(를) 컴파일하는 중)
  
C:\LIG\nFrameworkv1.8.2\examples\MiniProject_SAMS_OC\src\UIManager\IMessageProcessor.h(1,1): warning C4828: 파일에 0x6a 오프셋에서 시작하는 문자가 포함되어 있습니다. 이 문자는 현재 원본 문자 집합에서 잘못된 문자입니다(코드 페이지 65001).
  (소스 파일 'NOMMessageHandler.cpp'을(를) 컴파일하는 중)
  
C:\LIG\nFrameworkv1.8.2\examples\MiniProject_SAMS_OC\src\UIManager\IMessageProcessor.h(1,1): warning C4828: 파일에 0x6b 오프셋에서 시작하는 문자가 포함되어 있습니다. 이 문자는 현재 원본 문자 집합에서 잘못된 문자입니다(코드 페이지 65001).
  (소스 파일 'NOMMessageHandler.cpp'을(를) 컴파일하는 중)
  
C:\LIG\nFrameworkv1.8.2\examples\MiniProject_SAMS_OC\src\UIManager\IMessageProcessor.h(1,1): warning C4828: 파일에 0x6c 오프셋에서 시작하는 문자가 포함되어 있습니다. 이 문자는 현재 원본 문자 집합에서 잘못된 문자입니다(코드 페이지 65001).
  (소스 파일 'NOMMessageHandler.cpp'을(를) 컴파일하는 중)
  
C:\LIG\nFrameworkv1.8.2\examples\MiniProject_SAMS_OC\src\UIManager\IMessageProcessor.h(1,1): warning C4828: 파일에 0x75 오프셋에서 시작하는 문자가 포함되어 있습니다. 이 문자는 현재 원본 문자 집합에서 잘못된 문자입니다(코드 페이지 65001).
  (소스 파일 'NOMMessageHandler.cpp'을(를) 컴파일하는 중)
  
C:\LIG\nFrameworkv1.8.2\examples\MiniProject_SAMS_OC\src\UIManager\IMessageProcessor.h(1,1): warning C4828: 파일에 0x76 오프셋에서 시작하는 문자가 포함되어 있습니다. 이 문자는 현재 원본 문자 집합에서 잘못된 문자입니다(코드 페이지 65001).
  (소스 파일 'NOMMessageHandler.cpp'을(를) 컴파일하는 중)
  
C:\LIG\nFrameworkv1.8.2\examples\MiniProject_SAMS_OC\src\UIManager\IMessageProcessor.h(1,1): warning C4828: 파일에 0x78 오프셋에서 시작하는 문자가 포함되어 있습니다. 이 문자는 현재 원본 문자 집합에서 잘못된 문자입니다(코드 페이지 65001).
  (소스 파일 'NOMMessageHandler.cpp'을(를) 컴파일하는 중)
  
C:\LIG\nFrameworkv1.8.2\examples\MiniProject_SAMS_OC\src\UIManager\IMessageProcessor.h(1,1): warning C4828: 파일에 0x79 오프셋에서 시작하는 문자가 포함되어 있습니다. 이 문자는 현재 원본 문자 집합에서 잘못된 문자입니다(코드 페이지 65001).
  (소스 파일 'NOMMessageHandler.cpp'을(를) 컴파일하는 중)
  
C:\LIG\nFrameworkv1.8.2\examples\MiniProject_SAMS_OC\src\UIManager\IMessageProcessor.h(1,1): warning C4828: 파일에 0x7b 오프셋에서 시작하는 문자가 포함되어 있습니다. 이 문자는 현재 원본 문자 집합에서 잘못된 문자입니다(코드 페이지 65001).
  (소스 파일 'NOMMessageHandler.cpp'을(를) 컴파일하는 중)
  
C:\LIG\nFrameworkv1.8.2\examples\MiniProject_SAMS_OC\src\UIManager\IMessageProcessor.h(1,1): warning C4828: 파일에 0x7e 오프셋에서 시작하는 문자가 포함되어 있습니다. 이 문자는 현재 원본 문자 집합에서 잘못된 문자입니다(코드 페이지 65001).
  (소스 파일 'NOMMessageHandler.cpp'을(를) 컴파일하는 중)
  
C:\LIG\nFrameworkv1.8.2\examples\MiniProject_SAMS_OC\src\UIManager\IMessageProcessor.h(1,1): warning C4828: 파일에 0x7f 오프셋에서 시작하는 문자가 포함되어 있습니다. 이 문자는 현재 원본 문자 집합에서 잘못된 문자입니다(코드 페이지 65001).
  (소스 파일 'NOMMessageHandler.cpp'을(를) 컴파일하는 중)
  
C:\LIG\nFrameworkv1.8.2\examples\MiniProject_SAMS_OC\src\UIManager\IMessageProcessor.h(1,1): warning C4828: 파일에 0x83 오프셋에서 시작하는 문자가 포함되어 있습니다. 이 문자는 현재 원본 문자 집합에서 잘못된 문자입니다(코드 페이지 65001).
  (소스 파일 'NOMMessageHandler.cpp'을(를) 컴파일하는 중)
  
C:\LIG\nFrameworkv1.8.2\examples\MiniProject_SAMS_OC\src\UIManager\IMessageProcessor.h(1,1): warning C4828: 파일에 0x84 오프셋에서 시작하는 문자가 포함되어 있습니다. 이 문자는 현재 원본 문자 집합에서 잘못된 문자입니다(코드 페이지 65001).
  (소스 파일 'NOMMessageHandler.cpp'을(를) 컴파일하는 중)
  
C:\LIG\nFrameworkv1.8.2\examples\MiniProject_SAMS_OC\src\UIManager\IMessageProcessor.h(1,1): warning C4828: 파일에 0x86 오프셋에서 시작하는 문자가 포함되어 있습니다. 이 문자는 현재 원본 문자 집합에서 잘못된 문자입니다(코드 페이지 65001).
  (소스 파일 'NOMMessageHandler.cpp'을(를) 컴파일하는 중)
  
C:\LIG\nFrameworkv1.8.2\examples\MiniProject_SAMS_OC\src\UIManager\IMessageProcessor.h(1,1): warning C4828: 파일에 0x8a 오프셋에서 시작하는 문자가 포함되어 있습니다. 이 문자는 현재 원본 문자 집합에서 잘못된 문자입니다(코드 페이지 65001).
  (소스 파일 'NOMMessageHandler.cpp'을(를) 컴파일하는 중)
  
C:\LIG\nFrameworkv1.8.2\examples\MiniProject_SAMS_OC\src\UIManager\IMessageProcessor.h(1,1): warning C4828: 파일에 0x8b 오프셋에서 시작하는 문자가 포함되어 있습니다. 이 문자는 현재 원본 문자 집합에서 잘못된 문자입니다(코드 페이지 65001).
  (소스 파일 'NOMMessageHandler.cpp'을(를) 컴파일하는 중)
  
C:\LIG\nFrameworkv1.8.2\examples\MiniProject_SAMS_OC\src\UIManager\IMessageProcessor.h(1,1): warning C4828: 파일에 0x8c 오프셋에서 시작하는 문자가 포함되어 있습니다. 이 문자는 현재 원본 문자 집합에서 잘못된 문자입니다(코드 페이지 65001).
  (소스 파일 'NOMMessageHandler.cpp'을(를) 컴파일하는 중)
  
C:\LIG\nFrameworkv1.8.2\examples\MiniProject_SAMS_OC\src\UIManager\IMessageProcessor.h(1,1): warning C4828: 파일에 0x8d 오프셋에서 시작하는 문자가 포함되어 있습니다. 이 문자는 현재 원본 문자 집합에서 잘못된 문자입니다(코드 페이지 65001).
  (소스 파일 'NOMMessageHandler.cpp'을(를) 컴파일하는 중)
  
C:\LIG\nFrameworkv1.8.2\examples\MiniProject_SAMS_OC\src\UIManager\IMessageProcessor.h(1,1): warning C4828: 파일에 0x8e 오프셋에서 시작하는 문자가 포함되어 있습니다. 이 문자는 현재 원본 문자 집합에서 잘못된 문자입니다(코드 페이지 65001).
  (소스 파일 'NOMMessageHandler.cpp'을(를) 컴파일하는 중)
  
C:\LIG\nFrameworkv1.8.2\examples\MiniProject_SAMS_OC\src\UIManager\IMessageProcessor.h(1,1): warning C4828: 파일에 0x8f 오프셋에서 시작하는 문자가 포함되어 있습니다. 이 문자는 현재 원본 문자 집합에서 잘못된 문자입니다(코드 페이지 65001).
  (소스 파일 'NOMMessageHandler.cpp'을(를) 컴파일하는 중)
  
C:\LIG\nFrameworkv1.8.2\examples\MiniProject_SAMS_OC\src\UIManager\IMessageProcessor.h(1,1): warning C4828: 파일에 0x91 오프셋에서 시작하는 문자가 포함되어 있습니다. 이 문자는 현재 원본 문자 집합에서 잘못된 문자입니다(코드 페이지 65001).
  (소스 파일 'NOMMessageHandler.cpp'을(를) 컴파일하는 중)
  
C:\LIG\nFrameworkv1.8.2\examples\MiniProject_SAMS_OC\src\UIManager\IMessageProcessor.h(1,1): warning C4828: 파일에 0x92 오프셋에서 시작하는 문자가 포함되어 있습니다. 이 문자는 현재 원본 문자 집합에서 잘못된 문자입니다(코드 페이지 65001).
  (소스 파일 'NOMMessageHandler.cpp'을(를) 컴파일하는 중)
  
C:\LIG\nFrameworkv1.8.2\examples\MiniProject_SAMS_OC\src\UIManager\IMessageProcessor.h(1,1): warning C4828: 파일에 0x98 오프셋에서 시작하는 문자가 포함되어 있습니다. 이 문자는 현재 원본 문자 집합에서 잘못된 문자입니다(코드 페이지 65001).
  (소스 파일 'NOMMessageHandler.cpp'을(를) 컴파일하는 중)
  
C:\LIG\nFrameworkv1.8.2\examples\MiniProject_SAMS_OC\src\UIManager\ATSMessageProcessor.h(1,1): warning C4828: 파일에 0xdb 오프셋에서 시작하는 문자가 포함되어 있습니다. 이 문자는 현재 원본 문자 집합에서 잘못된 문자입니다(코드 페이지 65001).
  (소스 파일 'NOMMessageHandler.cpp'을(를) 컴파일하는 중)
  
C:\LIG\nFrameworkv1.8.2\examples\MiniProject_SAMS_OC\src\UIManager\ATSMessageProcessor.h(1,1): warning C4828: 파일에 0xdc 오프셋에서 시작하는 문자가 포함되어 있습니다. 이 문자는 현재 원본 문자 집합에서 잘못된 문자입니다(코드 페이지 65001).
  (소스 파일 'NOMMessageHandler.cpp'을(를) 컴파일하는 중)
  
C:\LIG\nFrameworkv1.8.2\examples\MiniProject_SAMS_OC\src\UIManager\ATSMessageProcessor.h(1,1): warning C4828: 파일에 0xdd 오프셋에서 시작하는 문자가 포함되어 있습니다. 이 문자는 현재 원본 문자 집합에서 잘못된 문자입니다(코드 페이지 65001).
  (소스 파일 'NOMMessageHandler.cpp'을(를) 컴파일하는 중)
  
  UIManager.cpp
  _WIN32_WINNT not defined. Defaulting to _WIN32_WINNT_MAXVER (see WinSDKVer.h)
  코드를 생성하고 있습니다...
C:\Program Files\Microsoft Visual Studio\2022\Professional\MSBuild\Microsoft\VC\v170\Microsoft.CppBuild.targets(1392,5): warning MSB8012: TargetPath(C:\LIG\nFrameworkv1.8.2\examples\MiniProject_SAMS_OC\lib\UIManager.dll)이(가) Linker의 OutputFile 속성 값(C:\LIG\nFrameworkv1.8.2\examples\MiniProject_SAMS_OC\bin\UIManager\UIManagerd.dll)과 일치하지 않습니다. 이로 인해 프로젝트가 잘못 빌드될 수 있습니다. 이를 수정하려면 $(OutDir), $(TargetName) 및 $(TargetExt) 속성 값이 %(Link.OutputFile)에 지정된 값과 일치해야 합니다.
C:\Program Files\Microsoft Visual Studio\2022\Professional\MSBuild\Microsoft\VC\v170\Microsoft.CppBuild.targets(1394,5): warning MSB8012: TargetName(UIManager)이(가) Linker의 OutputFile 속성 값(UIManagerd)과 일치하지 않습니다. 이로 인해 프로젝트가 잘못 빌드될 수 있습니다. 이를 수정하려면 $(OutDir), $(TargetName) 및 $(TargetExt) 속성 값이 %(Link.OutputFile)에 지정된 값과 일치해야 합니다.
ATSMessageProcessor.obj : warning LNK4075: '/EDITANDCONTINUE'이(가) '/INCREMENTAL:NO' 사양으로 인해 무시됩니다.
     C:\LIG\nFrameworkv1.8.2\examples\MiniProject_SAMS_OC\lib\UIManagerd.lib 라이브러리 및 C:\LIG\nFrameworkv1.8.2\examples\MiniProject_SAMS_OC\lib\UIManagerd.exp 개체를 생성하고 있습니다.
  UIManager.vcxproj -> C:\LIG\nFrameworkv1.8.2\examples\MiniProject_SAMS_OC\lib\UIManager.dll
