c:\lig\nframeworkv1.8.2\examples\miniproject_x64_vc143\lib\uimanager.bsc
c:\lig\nframeworkv1.8.2\examples\miniproject_sams_oc\lib\uimanager.bsc
c:\lig\nframeworkv1.8.2\examples\miniproject_sams_oc\src\uimanager\debug\vc143.pdb
c:\lig\nframeworkv1.8.2\examples\miniproject_sams_oc\src\uimanager\debug\vc143.idb
c:\lig\nframeworkv1.8.2\examples\miniproject_sams_oc\src\uimanager\debug\atsmessageprocessor.sbr
c:\lig\nframeworkv1.8.2\examples\miniproject_sams_oc\src\uimanager\debug\imessageprocessor.sbr
c:\lig\nframeworkv1.8.2\examples\miniproject_sams_oc\src\uimanager\debug\nommessagehandler.sbr
c:\lig\nframeworkv1.8.2\examples\miniproject_sams_oc\src\uimanager\debug\uimanager.sbr
c:\lig\nframeworkv1.8.2\examples\miniproject_sams_oc\src\uimanager\debug\uimanager.obj
c:\lig\nframeworkv1.8.2\examples\miniproject_sams_oc\src\uimanager\debug\nommessagehandler.obj
c:\lig\nframeworkv1.8.2\examples\miniproject_sams_oc\src\uimanager\debug\imessageprocessor.obj
c:\lig\nframeworkv1.8.2\examples\miniproject_sams_oc\src\uimanager\debug\atsmessageprocessor.obj
c:\lig\nframeworkv1.8.2\examples\miniproject_sams_oc\bin\uimanager\uimanagerd.dll
c:\lig\nframeworkv1.8.2\examples\miniproject_sams_oc\src\uimanager\debug\uimanagerd.pdb
c:\lig\nframeworkv1.8.2\examples\miniproject_sams_oc\lib\uimanagerd.lib
c:\lig\nframeworkv1.8.2\examples\miniproject_sams_oc\lib\uimanagerd.exp
c:\lig\nframeworkv1.8.2\examples\miniproject_sams_oc\src\uimanager\debug\uimanager.tlog\bscmake.command.1.tlog
c:\lig\nframeworkv1.8.2\examples\miniproject_sams_oc\src\uimanager\debug\uimanager.tlog\bscmake.read.1.tlog
c:\lig\nframeworkv1.8.2\examples\miniproject_sams_oc\src\uimanager\debug\uimanager.tlog\bscmake.write.1.tlog
c:\lig\nframeworkv1.8.2\examples\miniproject_sams_oc\src\uimanager\debug\uimanager.tlog\cl.command.1.tlog
c:\lig\nframeworkv1.8.2\examples\miniproject_sams_oc\src\uimanager\debug\uimanager.tlog\cl.items.tlog
c:\lig\nframeworkv1.8.2\examples\miniproject_sams_oc\src\uimanager\debug\uimanager.tlog\cl.read.1.tlog
c:\lig\nframeworkv1.8.2\examples\miniproject_sams_oc\src\uimanager\debug\uimanager.tlog\cl.write.1.tlog
c:\lig\nframeworkv1.8.2\examples\miniproject_sams_oc\src\uimanager\debug\uimanager.tlog\link.command.1.tlog
c:\lig\nframeworkv1.8.2\examples\miniproject_sams_oc\src\uimanager\debug\uimanager.tlog\link.read.1.tlog
c:\lig\nframeworkv1.8.2\examples\miniproject_sams_oc\src\uimanager\debug\uimanager.tlog\link.secondary.1.tlog
c:\lig\nframeworkv1.8.2\examples\miniproject_sams_oc\src\uimanager\debug\uimanager.tlog\link.write.1.tlog
