c:\lig\nframeworkv1.8.2\examples\miniproject_sams_oc\lib\engagementmanager.bsc
c:\lig\nframeworkv1.8.2\examples\miniproject_sams_oc\src\engagementmanager\debug\vc143.pdb
c:\lig\nframeworkv1.8.2\examples\miniproject_sams_oc\src\engagementmanager\debug\vc143.idb
c:\lig\nframeworkv1.8.2\examples\miniproject_sams_oc\src\engagementmanager\debug\engagementmanager.sbr
c:\lig\nframeworkv1.8.2\examples\miniproject_sams_oc\src\engagementmanager\debug\engagementmanager.obj
c:\lig\nframeworkv1.8.2\examples\miniproject_sams_oc\bin\engagementmanager\engagementmanagerd.dll
c:\lig\nframeworkv1.8.2\examples\miniproject_sams_oc\src\engagementmanager\debug\engagementmanagerd.pdb
c:\lig\nframeworkv1.8.2\examples\miniproject_sams_oc\lib\engagementmanagerd.lib
c:\lig\nframeworkv1.8.2\examples\miniproject_sams_oc\lib\engagementmanagerd.exp
c:\lig\nframeworkv1.8.2\examples\miniproject_sams_oc\src\engagementmanager\debug\engageme.b3e8905a.tlog\bscmake.command.1.tlog
c:\lig\nframeworkv1.8.2\examples\miniproject_sams_oc\src\engagementmanager\debug\engageme.b3e8905a.tlog\bscmake.read.1.tlog
c:\lig\nframeworkv1.8.2\examples\miniproject_sams_oc\src\engagementmanager\debug\engageme.b3e8905a.tlog\bscmake.write.1.tlog
c:\lig\nframeworkv1.8.2\examples\miniproject_sams_oc\src\engagementmanager\debug\engageme.b3e8905a.tlog\cl.command.1.tlog
c:\lig\nframeworkv1.8.2\examples\miniproject_sams_oc\src\engagementmanager\debug\engageme.b3e8905a.tlog\cl.items.tlog
c:\lig\nframeworkv1.8.2\examples\miniproject_sams_oc\src\engagementmanager\debug\engageme.b3e8905a.tlog\cl.read.1.tlog
c:\lig\nframeworkv1.8.2\examples\miniproject_sams_oc\src\engagementmanager\debug\engageme.b3e8905a.tlog\cl.write.1.tlog
c:\lig\nframeworkv1.8.2\examples\miniproject_sams_oc\src\engagementmanager\debug\engageme.b3e8905a.tlog\link.command.1.tlog
c:\lig\nframeworkv1.8.2\examples\miniproject_sams_oc\src\engagementmanager\debug\engageme.b3e8905a.tlog\link.read.1.tlog
c:\lig\nframeworkv1.8.2\examples\miniproject_sams_oc\src\engagementmanager\debug\engageme.b3e8905a.tlog\link.secondary.1.tlog
c:\lig\nframeworkv1.8.2\examples\miniproject_sams_oc\src\engagementmanager\debug\engageme.b3e8905a.tlog\link.write.1.tlog
