c:\nex1\nframeworkv1.8.3\examples\miniproject_x64_vc143\lib\foomanager.bsc
c:\nex1\nframeworkv1.8.3\examples\miniproject_x64_vc143\src\foomanager\release\vc143.pdb
c:\nex1\nframeworkv1.8.3\examples\miniproject_x64_vc143\src\foomanager\release\foomanager.sbr
c:\nex1\nframeworkv1.8.3\examples\miniproject_x64_vc143\src\foomanager\release\foomanager.obj
c:\nex1\nframeworkv1.8.3\examples\miniproject_x64_vc143\bin\foomanager\foomanager.dll
c:\nex1\nframeworkv1.8.3\examples\miniproject_x64_vc143\lib\foomanager.lib
c:\nex1\nframeworkv1.8.3\examples\miniproject_x64_vc143\lib\foomanager.exp
c:\nex1\nframeworkv1.8.3\examples\miniproject_x64_vc143\src\foomanager\release\foomanager.ipdb
c:\nex1\nframeworkv1.8.3\examples\miniproject_x64_vc143\src\foomanager\release\foomanager.iobj
c:\nex1\nframeworkv1.8.3\examples\miniproject_x64_vc143\src\foomanager\release\foomanager.tlog\bscmake.command.1.tlog
c:\nex1\nframeworkv1.8.3\examples\miniproject_x64_vc143\src\foomanager\release\foomanager.tlog\bscmake.read.1.tlog
c:\nex1\nframeworkv1.8.3\examples\miniproject_x64_vc143\src\foomanager\release\foomanager.tlog\bscmake.write.1.tlog
c:\nex1\nframeworkv1.8.3\examples\miniproject_x64_vc143\src\foomanager\release\foomanager.tlog\cl.command.1.tlog
c:\nex1\nframeworkv1.8.3\examples\miniproject_x64_vc143\src\foomanager\release\foomanager.tlog\cl.items.tlog
c:\nex1\nframeworkv1.8.3\examples\miniproject_x64_vc143\src\foomanager\release\foomanager.tlog\cl.read.1.tlog
c:\nex1\nframeworkv1.8.3\examples\miniproject_x64_vc143\src\foomanager\release\foomanager.tlog\cl.write.1.tlog
c:\nex1\nframeworkv1.8.3\examples\miniproject_x64_vc143\src\foomanager\release\foomanager.tlog\link.command.1.tlog
c:\nex1\nframeworkv1.8.3\examples\miniproject_x64_vc143\src\foomanager\release\foomanager.tlog\link.read.1.tlog
c:\nex1\nframeworkv1.8.3\examples\miniproject_x64_vc143\src\foomanager\release\foomanager.tlog\link.secondary.1.tlog
c:\nex1\nframeworkv1.8.3\examples\miniproject_x64_vc143\src\foomanager\release\foomanager.tlog\link.write.1.tlog
