c:\users\user\desktop\msss_v3\lib\barmanager.bsc
c:\users\user\desktop\msss_v3\src\barmanager\debug\vc143.pdb
c:\users\user\desktop\msss_v3\src\barmanager\debug\vc143.idb
c:\users\user\desktop\msss_v3\src\barmanager\debug\barmanager.sbr
c:\users\user\desktop\msss_v3\src\barmanager\debug\barmanager.obj
c:\users\user\desktop\msss_v3\bin\barmanager\barmanagerd.dll
c:\users\user\desktop\msss_v3\src\barmanager\debug\barmanagerd.pdb
c:\users\user\desktop\msss_v3\lib\barmanagerd.lib
c:\users\user\desktop\msss_v3\lib\barmanagerd.exp
c:\users\user\desktop\msss_v3\src\barmanager\debug\barmanager.tlog\bscmake.command.1.tlog
c:\users\user\desktop\msss_v3\src\barmanager\debug\barmanager.tlog\bscmake.read.1.tlog
c:\users\user\desktop\msss_v3\src\barmanager\debug\barmanager.tlog\bscmake.write.1.tlog
c:\users\user\desktop\msss_v3\src\barmanager\debug\barmanager.tlog\cl.command.1.tlog
c:\users\user\desktop\msss_v3\src\barmanager\debug\barmanager.tlog\cl.items.tlog
c:\users\user\desktop\msss_v3\src\barmanager\debug\barmanager.tlog\cl.read.1.tlog
c:\users\user\desktop\msss_v3\src\barmanager\debug\barmanager.tlog\cl.write.1.tlog
c:\users\user\desktop\msss_v3\src\barmanager\debug\barmanager.tlog\link.command.1.tlog
c:\users\user\desktop\msss_v3\src\barmanager\debug\barmanager.tlog\link.read.1.tlog
c:\users\user\desktop\msss_v3\src\barmanager\debug\barmanager.tlog\link.secondary.1.tlog
c:\users\user\desktop\msss_v3\src\barmanager\debug\barmanager.tlog\link.write.1.tlog
