c:\nex1\nframeworkv1.8.3\examples\miniproject_x64_vc143\lib\newrolemanager.bsc
c:\nex1\nframeworkv1.8.3\examples\miniproject_x64_vc143\src\newrolemanager\release\vc143.pdb
c:\nex1\nframeworkv1.8.3\examples\miniproject_x64_vc143\src\newrolemanager\release\newrolemanager.sbr
c:\nex1\nframeworkv1.8.3\examples\miniproject_x64_vc143\src\newrolemanager\release\uitrackhandler.sbr
c:\nex1\nframeworkv1.8.3\examples\miniproject_x64_vc143\src\newrolemanager\release\uitrackhandler.obj
c:\nex1\nframeworkv1.8.3\examples\miniproject_x64_vc143\src\newrolemanager\release\newrolemanager.obj
c:\nex1\nframeworkv1.8.3\examples\miniproject_x64_vc143\bin\newrolemanager\newrolemanager.dll
c:\nex1\nframeworkv1.8.3\examples\miniproject_x64_vc143\lib\newrolemanager.lib
c:\nex1\nframeworkv1.8.3\examples\miniproject_x64_vc143\lib\newrolemanager.exp
c:\nex1\nframeworkv1.8.3\examples\miniproject_x64_vc143\src\newrolemanager\release\newrolemanager.ipdb
c:\nex1\nframeworkv1.8.3\examples\miniproject_x64_vc143\src\newrolemanager\release\newrolemanager.iobj
c:\nex1\nframeworkv1.8.3\examples\miniproject_x64_vc143\src\newrolemanager\release\newrolemanager.tlog\bscmake.command.1.tlog
c:\nex1\nframeworkv1.8.3\examples\miniproject_x64_vc143\src\newrolemanager\release\newrolemanager.tlog\bscmake.read.1.tlog
c:\nex1\nframeworkv1.8.3\examples\miniproject_x64_vc143\src\newrolemanager\release\newrolemanager.tlog\bscmake.write.1.tlog
c:\nex1\nframeworkv1.8.3\examples\miniproject_x64_vc143\src\newrolemanager\release\newrolemanager.tlog\cl.command.1.tlog
c:\nex1\nframeworkv1.8.3\examples\miniproject_x64_vc143\src\newrolemanager\release\newrolemanager.tlog\cl.items.tlog
c:\nex1\nframeworkv1.8.3\examples\miniproject_x64_vc143\src\newrolemanager\release\newrolemanager.tlog\cl.read.1.tlog
c:\nex1\nframeworkv1.8.3\examples\miniproject_x64_vc143\src\newrolemanager\release\newrolemanager.tlog\cl.write.1.tlog
c:\nex1\nframeworkv1.8.3\examples\miniproject_x64_vc143\src\newrolemanager\release\newrolemanager.tlog\link.command.1.tlog
c:\nex1\nframeworkv1.8.3\examples\miniproject_x64_vc143\src\newrolemanager\release\newrolemanager.tlog\link.read.1.tlog
c:\nex1\nframeworkv1.8.3\examples\miniproject_x64_vc143\src\newrolemanager\release\newrolemanager.tlog\link.secondary.1.tlog
c:\nex1\nframeworkv1.8.3\examples\miniproject_x64_vc143\src\newrolemanager\release\newrolemanager.tlog\link.write.1.tlog
