c:\nex1\nframeworkv1.8.3\examples\miniproject_x64_vc143\lib\barmanager.bsc
c:\nex1\nframeworkv1.8.3\examples\miniproject_x64_vc143\src\barmanager\release\vc143.pdb
c:\nex1\nframeworkv1.8.3\examples\miniproject_x64_vc143\src\barmanager\release\barmanager.sbr
c:\nex1\nframeworkv1.8.3\examples\miniproject_x64_vc143\src\barmanager\release\barmanager.obj
c:\nex1\nframeworkv1.8.3\examples\miniproject_x64_vc143\bin\barmanager\barmanager.dll
c:\nex1\nframeworkv1.8.3\examples\miniproject_x64_vc143\lib\barmanager.lib
c:\nex1\nframeworkv1.8.3\examples\miniproject_x64_vc143\lib\barmanager.exp
c:\nex1\nframeworkv1.8.3\examples\miniproject_x64_vc143\src\barmanager\release\barmanager.ipdb
c:\nex1\nframeworkv1.8.3\examples\miniproject_x64_vc143\src\barmanager\release\barmanager.iobj
c:\nex1\nframeworkv1.8.3\examples\miniproject_x64_vc143\src\barmanager\release\barmanager.tlog\bscmake.command.1.tlog
c:\nex1\nframeworkv1.8.3\examples\miniproject_x64_vc143\src\barmanager\release\barmanager.tlog\bscmake.read.1.tlog
c:\nex1\nframeworkv1.8.3\examples\miniproject_x64_vc143\src\barmanager\release\barmanager.tlog\bscmake.write.1.tlog
c:\nex1\nframeworkv1.8.3\examples\miniproject_x64_vc143\src\barmanager\release\barmanager.tlog\cl.command.1.tlog
c:\nex1\nframeworkv1.8.3\examples\miniproject_x64_vc143\src\barmanager\release\barmanager.tlog\cl.items.tlog
c:\nex1\nframeworkv1.8.3\examples\miniproject_x64_vc143\src\barmanager\release\barmanager.tlog\cl.read.1.tlog
c:\nex1\nframeworkv1.8.3\examples\miniproject_x64_vc143\src\barmanager\release\barmanager.tlog\cl.write.1.tlog
c:\nex1\nframeworkv1.8.3\examples\miniproject_x64_vc143\src\barmanager\release\barmanager.tlog\link.command.1.tlog
c:\nex1\nframeworkv1.8.3\examples\miniproject_x64_vc143\src\barmanager\release\barmanager.tlog\link.read.1.tlog
c:\nex1\nframeworkv1.8.3\examples\miniproject_x64_vc143\src\barmanager\release\barmanager.tlog\link.secondary.1.tlog
c:\nex1\nframeworkv1.8.3\examples\miniproject_x64_vc143\src\barmanager\release\barmanager.tlog\link.write.1.tlog
