C:\Program Files\Microsoft Visual Studio\2022\Professional\MSBuild\Microsoft\VC\v170\Microsoft.CppClean.targets(77,5): warning : 'c:\users\user\desktop\msss_v3\bin\simulationmanager\simulationmanagerd.dll' 경로에 대한 액세스가 거부되었습니다.
C:\Program Files\Microsoft Visual Studio\2022\Professional\MSBuild\Microsoft\VC\v170\Microsoft.CppBuild.targets(516,5): warning MSB8004: Intermediate 디렉터리가 슬래시로 끝나지 않습니다. Intermediate 디렉터리의 적절한 평가를 허용하는 데 필요하므로 이 빌드 인스턴스에서 슬래시를 추가합니다.
  SimulationManager.cpp
C:\LIG\nFrameworkv1.8.2\include\nFramework\Log4nF\Appender\FileAppender.h(90,38): warning C4275: DLL 인터페이스가 아닌 class 'nframework::log4nf::IAppender'이(가) DLL 인터페이스 class 'nframework::log4nf::FileAppender'의 기본으로 사용되었습니다.
  (소스 파일 '../SimulationManager/SimulationManager.cpp'을(를) 컴파일하는 중)
      C:\LIG\nFrameworkv1.8.2\include\nFramework\Log4nF\Appender\IAppender.h(61,8):
      'nframework::log4nf::IAppender' 선언을 참조하십시오.
      C:\LIG\nFrameworkv1.8.2\include\nFramework\Log4nF\Appender\FileAppender.h(90,17):
      'nframework::log4nf::FileAppender' 선언을 참조하십시오.
  
C:\LIG\nFrameworkv1.8.2\include\nFramework\Log4nF\Appender\HTMLFileAppender.h(93,42): warning C4275: DLL 인터페이스가 아닌 class 'nframework::log4nf::IAppender'이(가) DLL 인터페이스 class 'nframework::log4nf::HTMLFileAppender'의 기본으로 사용되었습니다.
  (소스 파일 '../SimulationManager/SimulationManager.cpp'을(를) 컴파일하는 중)
      C:\LIG\nFrameworkv1.8.2\include\nFramework\Log4nF\Appender\IAppender.h(61,8):
      'nframework::log4nf::IAppender' 선언을 참조하십시오.
      C:\LIG\nFrameworkv1.8.2\include\nFramework\Log4nF\Appender\HTMLFileAppender.h(93,17):
      'nframework::log4nf::HTMLFileAppender' 선언을 참조하십시오.
  
C:\LIG\nFrameworkv1.8.2\include\nFramework\Log4nF\Logger\Logger.h(211,38): warning C4101: 'e' :참조되지 않은 지역 변수입니다.
  (소스 파일 '../SimulationManager/SimulationManager.cpp'을(를) 컴파일하는 중)
  
C:\LIG\nFrameworkv1.8.2\include\nFramework\nLineLog\NLineLog.h(16,42): warning C4275: DLL 인터페이스가 아닌 class 'nframework::nlinelog::INLineLog'이(가) DLL 인터페이스 class 'nframework::nlinelog::NLineLog'의 기본으로 사용되었습니다.
  (소스 파일 '../SimulationManager/SimulationManager.cpp'을(를) 컴파일하는 중)
      C:\LIG\nFrameworkv1.8.2\include\nFramework\NLineLog\INLineLog.h(47,8):
      'nframework::nlinelog::INLineLog' 선언을 참조하십시오.
      C:\LIG\nFrameworkv1.8.2\include\nFramework\nLineLog\NLineLog.h(16,24):
      'nframework::nlinelog::NLineLog' 선언을 참조하십시오.
  
C:\Program Files\Microsoft Visual Studio\2022\Professional\MSBuild\Microsoft\VC\v170\Microsoft.CppBuild.targets(1392,5): warning MSB8012: TargetPath(C:\Users\User\Desktop\MSSS_v3\lib\SimulationManager.dll)이(가) Linker의 OutputFile 속성 값(C:\Users\User\Desktop\MSSS_v3\bin\SimulationManager\SimulationManagerd.dll)과 일치하지 않습니다. 이로 인해 프로젝트가 잘못 빌드될 수 있습니다. 이를 수정하려면 $(OutDir), $(TargetName) 및 $(TargetExt) 속성 값이 %(Link.OutputFile)에 지정된 값과 일치해야 합니다.
C:\Program Files\Microsoft Visual Studio\2022\Professional\MSBuild\Microsoft\VC\v170\Microsoft.CppBuild.targets(1394,5): warning MSB8012: TargetName(SimulationManager)이(가) Linker의 OutputFile 속성 값(SimulationManagerd)과 일치하지 않습니다. 이로 인해 프로젝트가 잘못 빌드될 수 있습니다. 이를 수정하려면 $(OutDir), $(TargetName) 및 $(TargetExt) 속성 값이 %(Link.OutputFile)에 지정된 값과 일치해야 합니다.
SimulationManager.obj : warning LNK4075: '/EDITANDCONTINUE'이(가) '/INCREMENTAL:NO' 사양으로 인해 무시됩니다.
     C:\Users\User\Desktop\MSSS_v3\lib\SimulationManager.lib 라이브러리 및 C:\Users\User\Desktop\MSSS_v3\lib\SimulationManager.exp 개체를 생성하고 있습니다.
  SimulationManager.vcxproj -> C:\Users\User\Desktop\MSSS_v3\lib\SimulationManager.dll
