c:\lig\nframeworkv1.8.2\examples\miniproject_sams_oc\lib\foomanager.bsc
c:\lig\nframeworkv1.8.2\examples\miniproject_sams_oc\src\foomanager\debug\vc143.pdb
c:\lig\nframeworkv1.8.2\examples\miniproject_sams_oc\src\foomanager\debug\vc143.idb
c:\lig\nframeworkv1.8.2\examples\miniproject_sams_oc\src\foomanager\debug\foomanager.sbr
c:\lig\nframeworkv1.8.2\examples\miniproject_sams_oc\src\foomanager\debug\foomanager.obj
c:\lig\nframeworkv1.8.2\examples\miniproject_sams_oc\bin\foomanager\foomanagerd.dll
c:\lig\nframeworkv1.8.2\examples\miniproject_sams_oc\src\foomanager\debug\foomanagerd.pdb
c:\lig\nframeworkv1.8.2\examples\miniproject_sams_oc\lib\foomanagerd.lib
c:\lig\nframeworkv1.8.2\examples\miniproject_sams_oc\lib\foomanagerd.exp
c:\lig\nframeworkv1.8.2\examples\miniproject_sams_oc\src\foomanager\debug\foomanager.tlog\bscmake.command.1.tlog
c:\lig\nframeworkv1.8.2\examples\miniproject_sams_oc\src\foomanager\debug\foomanager.tlog\bscmake.read.1.tlog
c:\lig\nframeworkv1.8.2\examples\miniproject_sams_oc\src\foomanager\debug\foomanager.tlog\bscmake.write.1.tlog
c:\lig\nframeworkv1.8.2\examples\miniproject_sams_oc\src\foomanager\debug\foomanager.tlog\cl.command.1.tlog
c:\lig\nframeworkv1.8.2\examples\miniproject_sams_oc\src\foomanager\debug\foomanager.tlog\cl.items.tlog
c:\lig\nframeworkv1.8.2\examples\miniproject_sams_oc\src\foomanager\debug\foomanager.tlog\cl.read.1.tlog
c:\lig\nframeworkv1.8.2\examples\miniproject_sams_oc\src\foomanager\debug\foomanager.tlog\cl.write.1.tlog
c:\lig\nframeworkv1.8.2\examples\miniproject_sams_oc\src\foomanager\debug\foomanager.tlog\link.command.1.tlog
c:\lig\nframeworkv1.8.2\examples\miniproject_sams_oc\src\foomanager\debug\foomanager.tlog\link.read.1.tlog
c:\lig\nframeworkv1.8.2\examples\miniproject_sams_oc\src\foomanager\debug\foomanager.tlog\link.secondary.1.tlog
c:\lig\nframeworkv1.8.2\examples\miniproject_sams_oc\src\foomanager\debug\foomanager.tlog\link.write.1.tlog
