c:\lig\nframeworkv1.8.2\examples\miniproject_sams_oc\lib\scenariomanager.bsc
c:\lig\nframeworkv1.8.2\examples\miniproject_sams_oc\src\scenariomanager\debug\vc143.pdb
c:\lig\nframeworkv1.8.2\examples\miniproject_sams_oc\src\scenariomanager\debug\vc143.idb
c:\lig\nframeworkv1.8.2\examples\miniproject_sams_oc\src\scenariomanager\debug\scenariomanager.sbr
c:\lig\nframeworkv1.8.2\examples\miniproject_sams_oc\src\scenariomanager\debug\scenariomanager.obj
c:\lig\nframeworkv1.8.2\examples\miniproject_sams_oc\bin\scenariomanager\scenariomanagerd.dll
c:\lig\nframeworkv1.8.2\examples\miniproject_sams_oc\src\scenariomanager\debug\scenariomanagerd.pdb
c:\lig\nframeworkv1.8.2\examples\miniproject_sams_oc\lib\scenariomanagerd.lib
c:\lig\nframeworkv1.8.2\examples\miniproject_sams_oc\lib\scenariomanagerd.exp
c:\lig\nframeworkv1.8.2\examples\miniproject_sams_oc\src\scenariomanager\debug\scenariomanager.tlog\bscmake.command.1.tlog
c:\lig\nframeworkv1.8.2\examples\miniproject_sams_oc\src\scenariomanager\debug\scenariomanager.tlog\bscmake.read.1.tlog
c:\lig\nframeworkv1.8.2\examples\miniproject_sams_oc\src\scenariomanager\debug\scenariomanager.tlog\bscmake.write.1.tlog
c:\lig\nframeworkv1.8.2\examples\miniproject_sams_oc\src\scenariomanager\debug\scenariomanager.tlog\cl.command.1.tlog
c:\lig\nframeworkv1.8.2\examples\miniproject_sams_oc\src\scenariomanager\debug\scenariomanager.tlog\cl.items.tlog
c:\lig\nframeworkv1.8.2\examples\miniproject_sams_oc\src\scenariomanager\debug\scenariomanager.tlog\cl.read.1.tlog
c:\lig\nframeworkv1.8.2\examples\miniproject_sams_oc\src\scenariomanager\debug\scenariomanager.tlog\cl.write.1.tlog
c:\lig\nframeworkv1.8.2\examples\miniproject_sams_oc\src\scenariomanager\debug\scenariomanager.tlog\link.command.1.tlog
c:\lig\nframeworkv1.8.2\examples\miniproject_sams_oc\src\scenariomanager\debug\scenariomanager.tlog\link.read.1.tlog
c:\lig\nframeworkv1.8.2\examples\miniproject_sams_oc\src\scenariomanager\debug\scenariomanager.tlog\link.secondary.1.tlog
c:\lig\nframeworkv1.8.2\examples\miniproject_sams_oc\src\scenariomanager\debug\scenariomanager.tlog\link.write.1.tlog
