c:\users\user\desktop\msss_v3\lib\atsmanager.bsc
c:\users\user\desktop\msss_v3\src\atsmanager\debug\vc143.pdb
c:\users\user\desktop\msss_v3\src\atsmanager\debug\vc143.idb
c:\users\user\desktop\msss_v3\src\atsmanager\debug\atsmanager.sbr
c:\users\user\desktop\msss_v3\src\atsmanager\debug\atsmanager.obj
c:\users\user\desktop\msss_v3\bin\atsmanager\atsmanagerd.dll
c:\users\user\desktop\msss_v3\src\atsmanager\debug\atsmanagerd.pdb
c:\users\user\desktop\msss_v3\lib\atsmanagerd.lib
c:\users\user\desktop\msss_v3\lib\atsmanagerd.exp
c:\users\user\desktop\msss_v3\src\atsmanager\debug\atsmanager.ilk
c:\users\user\desktop\msss_v3\src\atsmanager\debug\atsmanager.tlog\bscmake.command.1.tlog
c:\users\user\desktop\msss_v3\src\atsmanager\debug\atsmanager.tlog\bscmake.read.1.tlog
c:\users\user\desktop\msss_v3\src\atsmanager\debug\atsmanager.tlog\bscmake.write.1.tlog
c:\users\user\desktop\msss_v3\src\atsmanager\debug\atsmanager.tlog\cl.command.1.tlog
c:\users\user\desktop\msss_v3\src\atsmanager\debug\atsmanager.tlog\cl.items.tlog
c:\users\user\desktop\msss_v3\src\atsmanager\debug\atsmanager.tlog\cl.read.1.tlog
c:\users\user\desktop\msss_v3\src\atsmanager\debug\atsmanager.tlog\cl.write.1.tlog
c:\users\user\desktop\msss_v3\src\atsmanager\debug\atsmanager.tlog\link.command.1.tlog
c:\users\user\desktop\msss_v3\src\atsmanager\debug\atsmanager.tlog\link.read.1.tlog
c:\users\user\desktop\msss_v3\src\atsmanager\debug\atsmanager.tlog\link.secondary.1.tlog
c:\users\user\desktop\msss_v3\src\atsmanager\debug\atsmanager.tlog\link.write.1.tlog
