c:\users\user\desktop\msss_v3\lib\newrolemanager.bsc
c:\users\user\desktop\msss_v3\src\newrolemanager\debug\vc143.pdb
c:\users\user\desktop\msss_v3\src\newrolemanager\debug\vc143.idb
c:\users\user\desktop\msss_v3\src\newrolemanager\debug\newrolemanager.sbr
c:\users\user\desktop\msss_v3\src\newrolemanager\debug\uitrackhandler.sbr
c:\users\user\desktop\msss_v3\src\newrolemanager\debug\uitrackhandler.obj
c:\users\user\desktop\msss_v3\src\newrolemanager\debug\newrolemanager.obj
c:\users\user\desktop\msss_v3\bin\newrolemanager\newrolemanagerd.dll
c:\users\user\desktop\msss_v3\src\newrolemanager\debug\newrolemanagerd.pdb
c:\users\user\desktop\msss_v3\lib\newrolemanagerd.lib
c:\users\user\desktop\msss_v3\lib\newrolemanagerd.exp
c:\users\user\desktop\msss_v3\src\newrolemanager\debug\newrolemanager.tlog\bscmake.command.1.tlog
c:\users\user\desktop\msss_v3\src\newrolemanager\debug\newrolemanager.tlog\bscmake.read.1.tlog
c:\users\user\desktop\msss_v3\src\newrolemanager\debug\newrolemanager.tlog\bscmake.write.1.tlog
c:\users\user\desktop\msss_v3\src\newrolemanager\debug\newrolemanager.tlog\cl.command.1.tlog
c:\users\user\desktop\msss_v3\src\newrolemanager\debug\newrolemanager.tlog\cl.items.tlog
c:\users\user\desktop\msss_v3\src\newrolemanager\debug\newrolemanager.tlog\cl.read.1.tlog
c:\users\user\desktop\msss_v3\src\newrolemanager\debug\newrolemanager.tlog\cl.write.1.tlog
c:\users\user\desktop\msss_v3\src\newrolemanager\debug\newrolemanager.tlog\link.command.1.tlog
c:\users\user\desktop\msss_v3\src\newrolemanager\debug\newrolemanager.tlog\link.read.1.tlog
c:\users\user\desktop\msss_v3\src\newrolemanager\debug\newrolemanager.tlog\link.secondary.1.tlog
c:\users\user\desktop\msss_v3\src\newrolemanager\debug\newrolemanager.tlog\link.write.1.tlog
